4-21-2024 20:27:44 - log: Load engine in C:\ProgramData\cocos\editors\Creator\3.8.2\resources\resources\3d\engine
4-21-2024 20:27:46 - log: Profile changed: engine (modules.includeModules: 2d,animation,audio,base,dragon-bones,gfx-webgl,gfx-webgl2,intersection-2d,particle-2d,physics-2d-box2d,profiler,spine,tiled-map,tween,ui,video,webview)
4-21-2024 20:27:46 - log: Register native engine in C:\ProgramData\cocos\editors\Creator\3.8.2\resources\resources\3d\engine\native
4-21-2024 20:28:38 - log: [Scene] meshopt wasm decoder initialized
4-21-2024 20:28:38 - log: [Scene] [box2d]:box2d wasm lib loaded.
4-21-2024 20:28:38 - log: [Scene] [bullet]:bullet wasm lib loaded.
4-21-2024 20:28:40 - log: [Scene] [PHYSICS]: using builtin.
4-21-2024 20:28:40 - log: [Scene] Cocos Creator v3.8.2
4-21-2024 20:28:40 - info: [Scene] Forward render pipeline initialized.
4-21-2024 20:28:44 - warn: [Scene] The type of "NetworkConnect.hostname" must be CCString, not String.Error: [Scene] The type of "NetworkConnect.hostname" must be CCString, not String.
    at warn (C:\ProgramData\cocos\editors\Creator\3.8.2\resources\resources\3d\engine\bin\.cache\dev\editor\bundled\index.js:148661:12)
    at warnID (C:\ProgramData\cocos\editors\Creator\3.8.2\resources\resources\3d\engine\bin\.cache\dev\editor\bundled\index.js:148843:5)
    at parseType (C:\ProgramData\cocos\editors\Creator\3.8.2\resources\resources\3d\engine\bin\.cache\dev\editor\bundled\index.js:274085:11)
    at preprocessAttrs (C:\ProgramData\cocos\editors\Creator\3.8.2\resources\resources\3d\engine\bin\.cache\dev\editor\bundled\index.js:274200:11)
    at declareProperties (C:\ProgramData\cocos\editors\Creator\3.8.2\resources\resources\3d\engine\bin\.cache\dev\editor\bundled\index.js:129680:7)
    at CCClass (C:\ProgramData\cocos\editors\Creator\3.8.2\resources\resources\3d\engine\bin\.cache\dev\editor\bundled\index.js:129709:5)
    at eval (C:\ProgramData\cocos\editors\Creator\3.8.2\resources\resources\3d\engine\bin\.cache\dev\editor\bundled\index.js:271932:21)
4-21-2024 20:28:44 - warn: [Scene] The type of "NetworkConnect.port" must be CCFloat or CCInteger, not Number.Error: [Scene] The type of "NetworkConnect.port" must be CCFloat or CCInteger, not Number.
    at warn (C:\ProgramData\cocos\editors\Creator\3.8.2\resources\resources\3d\engine\bin\.cache\dev\editor\bundled\index.js:148661:12)
    at warnID (C:\ProgramData\cocos\editors\Creator\3.8.2\resources\resources\3d\engine\bin\.cache\dev\editor\bundled\index.js:148843:5)
    at parseType (C:\ProgramData\cocos\editors\Creator\3.8.2\resources\resources\3d\engine\bin\.cache\dev\editor\bundled\index.js:274095:11)
    at preprocessAttrs (C:\ProgramData\cocos\editors\Creator\3.8.2\resources\resources\3d\engine\bin\.cache\dev\editor\bundled\index.js:274200:11)
    at declareProperties (C:\ProgramData\cocos\editors\Creator\3.8.2\resources\resources\3d\engine\bin\.cache\dev\editor\bundled\index.js:129680:7)
    at CCClass (C:\ProgramData\cocos\editors\Creator\3.8.2\resources\resources\3d\engine\bin\.cache\dev\editor\bundled\index.js:129709:5)
    at eval (C:\ProgramData\cocos\editors\Creator\3.8.2\resources\resources\3d\engine\bin\.cache\dev\editor\bundled\index.js:271932:21)
4-21-2024 20:28:44 - warn: [Scene] The type of "NetworkConnect.useSSL" must be CCBoolean, not Boolean.Error: [Scene] The type of "NetworkConnect.useSSL" must be CCBoolean, not Boolean.
    at warn (C:\ProgramData\cocos\editors\Creator\3.8.2\resources\resources\3d\engine\bin\.cache\dev\editor\bundled\index.js:148661:12)
    at warnID (C:\ProgramData\cocos\editors\Creator\3.8.2\resources\resources\3d\engine\bin\.cache\dev\editor\bundled\index.js:148843:5)
    at parseType (C:\ProgramData\cocos\editors\Creator\3.8.2\resources\resources\3d\engine\bin\.cache\dev\editor\bundled\index.js:274090:11)
    at preprocessAttrs (C:\ProgramData\cocos\editors\Creator\3.8.2\resources\resources\3d\engine\bin\.cache\dev\editor\bundled\index.js:274200:11)
    at declareProperties (C:\ProgramData\cocos\editors\Creator\3.8.2\resources\resources\3d\engine\bin\.cache\dev\editor\bundled\index.js:129680:7)
    at CCClass (C:\ProgramData\cocos\editors\Creator\3.8.2\resources\resources\3d\engine\bin\.cache\dev\editor\bundled\index.js:129709:5)
    at eval (C:\ProgramData\cocos\editors\Creator\3.8.2\resources\resources\3d\engine\bin\.cache\dev\editor\bundled\index.js:271932:21)
4-21-2024 20:28:44 - warn: [Scene] No needs to indicate the 'cc.String' attribute for "NetworkConnect.hostname", which its default value is type of String.Error: [Scene] No needs to indicate the 'cc.String' attribute for "NetworkConnect.hostname", which its default value is type of String.
    at warn (C:\ProgramData\cocos\editors\Creator\3.8.2\resources\resources\3d\engine\bin\.cache\dev\editor\bundled\index.js:148661:12)
    at warnID (C:\ProgramData\cocos\editors\Creator\3.8.2\resources\resources\3d\engine\bin\.cache\dev\editor\bundled\index.js:148843:5)
    at Array.eval (C:\ProgramData\cocos\editors\Creator\3.8.2\resources\resources\3d\engine\bin\.cache\dev\editor\bundled\index.js:273312:11)
    at defineProp (C:\ProgramData\cocos\editors\Creator\3.8.2\resources\resources\3d\engine\bin\.cache\dev\editor\bundled\index.js:129523:27)
    at declareProperties (C:\ProgramData\cocos\editors\Creator\3.8.2\resources\resources\3d\engine\bin\.cache\dev\editor\bundled\index.js:129684:11)
    at CCClass (C:\ProgramData\cocos\editors\Creator\3.8.2\resources\resources\3d\engine\bin\.cache\dev\editor\bundled\index.js:129709:5)
    at eval (C:\ProgramData\cocos\editors\Creator\3.8.2\resources\resources\3d\engine\bin\.cache\dev\editor\bundled\index.js:271932:21)
4-21-2024 20:28:44 - warn: [Scene] No needs to indicate the 'cc.Boolean' attribute for "NetworkConnect.useSSL", which its default value is type of Boolean.Error: [Scene] No needs to indicate the 'cc.Boolean' attribute for "NetworkConnect.useSSL", which its default value is type of Boolean.
    at warn (C:\ProgramData\cocos\editors\Creator\3.8.2\resources\resources\3d\engine\bin\.cache\dev\editor\bundled\index.js:148661:12)
    at warnID (C:\ProgramData\cocos\editors\Creator\3.8.2\resources\resources\3d\engine\bin\.cache\dev\editor\bundled\index.js:148843:5)
    at Array.eval (C:\ProgramData\cocos\editors\Creator\3.8.2\resources\resources\3d\engine\bin\.cache\dev\editor\bundled\index.js:273312:11)
    at defineProp (C:\ProgramData\cocos\editors\Creator\3.8.2\resources\resources\3d\engine\bin\.cache\dev\editor\bundled\index.js:129523:27)
    at declareProperties (C:\ProgramData\cocos\editors\Creator\3.8.2\resources\resources\3d\engine\bin\.cache\dev\editor\bundled\index.js:129684:11)
    at CCClass (C:\ProgramData\cocos\editors\Creator\3.8.2\resources\resources\3d\engine\bin\.cache\dev\editor\bundled\index.js:129709:5)
    at eval (C:\ProgramData\cocos\editors\Creator\3.8.2\resources\resources\3d\engine\bin\.cache\dev\editor\bundled\index.js:271932:21)
4-21-2024 20:28:44 - log: [Scene] [PHYSICS2D]: switch from box2d-wasm to box2d.
4-21-2024 20:52:47 - warn: Please set the application in Preferences -> Program Manager -> Default Script Editor to better open the script
4-21-2024 23:31:06 - warn: [Scene] The type of "NetworkConnect.hostname" must be CCString, not String.Error: [Scene] The type of "NetworkConnect.hostname" must be CCString, not String.
    at warn (C:\ProgramData\cocos\editors\Creator\3.8.2\resources\resources\3d\engine\bin\.cache\dev\editor\bundled\index.js:148661:12)
    at warnID (C:\ProgramData\cocos\editors\Creator\3.8.2\resources\resources\3d\engine\bin\.cache\dev\editor\bundled\index.js:148843:5)
    at parseType (C:\ProgramData\cocos\editors\Creator\3.8.2\resources\resources\3d\engine\bin\.cache\dev\editor\bundled\index.js:274085:11)
    at preprocessAttrs (C:\ProgramData\cocos\editors\Creator\3.8.2\resources\resources\3d\engine\bin\.cache\dev\editor\bundled\index.js:274200:11)
    at declareProperties (C:\ProgramData\cocos\editors\Creator\3.8.2\resources\resources\3d\engine\bin\.cache\dev\editor\bundled\index.js:129680:7)
    at CCClass (C:\ProgramData\cocos\editors\Creator\3.8.2\resources\resources\3d\engine\bin\.cache\dev\editor\bundled\index.js:129709:5)
    at eval (C:\ProgramData\cocos\editors\Creator\3.8.2\resources\resources\3d\engine\bin\.cache\dev\editor\bundled\index.js:271932:21)
4-21-2024 23:31:06 - warn: [Scene] The type of "NetworkConnect.port" must be CCFloat or CCInteger, not Number.Error: [Scene] The type of "NetworkConnect.port" must be CCFloat or CCInteger, not Number.
    at warn (C:\ProgramData\cocos\editors\Creator\3.8.2\resources\resources\3d\engine\bin\.cache\dev\editor\bundled\index.js:148661:12)
    at warnID (C:\ProgramData\cocos\editors\Creator\3.8.2\resources\resources\3d\engine\bin\.cache\dev\editor\bundled\index.js:148843:5)
    at parseType (C:\ProgramData\cocos\editors\Creator\3.8.2\resources\resources\3d\engine\bin\.cache\dev\editor\bundled\index.js:274095:11)
    at preprocessAttrs (C:\ProgramData\cocos\editors\Creator\3.8.2\resources\resources\3d\engine\bin\.cache\dev\editor\bundled\index.js:274200:11)
    at declareProperties (C:\ProgramData\cocos\editors\Creator\3.8.2\resources\resources\3d\engine\bin\.cache\dev\editor\bundled\index.js:129680:7)
    at CCClass (C:\ProgramData\cocos\editors\Creator\3.8.2\resources\resources\3d\engine\bin\.cache\dev\editor\bundled\index.js:129709:5)
    at eval (C:\ProgramData\cocos\editors\Creator\3.8.2\resources\resources\3d\engine\bin\.cache\dev\editor\bundled\index.js:271932:21)
4-21-2024 23:31:06 - warn: [Scene] The type of "NetworkConnect.useSSL" must be CCBoolean, not Boolean.Error: [Scene] The type of "NetworkConnect.useSSL" must be CCBoolean, not Boolean.
    at warn (C:\ProgramData\cocos\editors\Creator\3.8.2\resources\resources\3d\engine\bin\.cache\dev\editor\bundled\index.js:148661:12)
    at warnID (C:\ProgramData\cocos\editors\Creator\3.8.2\resources\resources\3d\engine\bin\.cache\dev\editor\bundled\index.js:148843:5)
    at parseType (C:\ProgramData\cocos\editors\Creator\3.8.2\resources\resources\3d\engine\bin\.cache\dev\editor\bundled\index.js:274090:11)
    at preprocessAttrs (C:\ProgramData\cocos\editors\Creator\3.8.2\resources\resources\3d\engine\bin\.cache\dev\editor\bundled\index.js:274200:11)
    at declareProperties (C:\ProgramData\cocos\editors\Creator\3.8.2\resources\resources\3d\engine\bin\.cache\dev\editor\bundled\index.js:129680:7)
    at CCClass (C:\ProgramData\cocos\editors\Creator\3.8.2\resources\resources\3d\engine\bin\.cache\dev\editor\bundled\index.js:129709:5)
    at eval (C:\ProgramData\cocos\editors\Creator\3.8.2\resources\resources\3d\engine\bin\.cache\dev\editor\bundled\index.js:271932:21)
4-21-2024 23:31:06 - warn: [Scene] No needs to indicate the 'cc.String' attribute for "NetworkConnect.hostname", which its default value is type of String.Error: [Scene] No needs to indicate the 'cc.String' attribute for "NetworkConnect.hostname", which its default value is type of String.
    at warn (C:\ProgramData\cocos\editors\Creator\3.8.2\resources\resources\3d\engine\bin\.cache\dev\editor\bundled\index.js:148661:12)
    at warnID (C:\ProgramData\cocos\editors\Creator\3.8.2\resources\resources\3d\engine\bin\.cache\dev\editor\bundled\index.js:148843:5)
    at Array.eval (C:\ProgramData\cocos\editors\Creator\3.8.2\resources\resources\3d\engine\bin\.cache\dev\editor\bundled\index.js:273312:11)
    at defineProp (C:\ProgramData\cocos\editors\Creator\3.8.2\resources\resources\3d\engine\bin\.cache\dev\editor\bundled\index.js:129523:27)
    at declareProperties (C:\ProgramData\cocos\editors\Creator\3.8.2\resources\resources\3d\engine\bin\.cache\dev\editor\bundled\index.js:129684:11)
    at CCClass (C:\ProgramData\cocos\editors\Creator\3.8.2\resources\resources\3d\engine\bin\.cache\dev\editor\bundled\index.js:129709:5)
    at eval (C:\ProgramData\cocos\editors\Creator\3.8.2\resources\resources\3d\engine\bin\.cache\dev\editor\bundled\index.js:271932:21)
4-21-2024 23:31:06 - warn: [Scene] No needs to indicate the 'cc.Boolean' attribute for "NetworkConnect.useSSL", which its default value is type of Boolean.Error: [Scene] No needs to indicate the 'cc.Boolean' attribute for "NetworkConnect.useSSL", which its default value is type of Boolean.
    at warn (C:\ProgramData\cocos\editors\Creator\3.8.2\resources\resources\3d\engine\bin\.cache\dev\editor\bundled\index.js:148661:12)
    at warnID (C:\ProgramData\cocos\editors\Creator\3.8.2\resources\resources\3d\engine\bin\.cache\dev\editor\bundled\index.js:148843:5)
    at Array.eval (C:\ProgramData\cocos\editors\Creator\3.8.2\resources\resources\3d\engine\bin\.cache\dev\editor\bundled\index.js:273312:11)
    at defineProp (C:\ProgramData\cocos\editors\Creator\3.8.2\resources\resources\3d\engine\bin\.cache\dev\editor\bundled\index.js:129523:27)
    at declareProperties (C:\ProgramData\cocos\editors\Creator\3.8.2\resources\resources\3d\engine\bin\.cache\dev\editor\bundled\index.js:129684:11)
    at CCClass (C:\ProgramData\cocos\editors\Creator\3.8.2\resources\resources\3d\engine\bin\.cache\dev\editor\bundled\index.js:129709:5)
    at eval (C:\ProgramData\cocos\editors\Creator\3.8.2\resources\resources\3d\engine\bin\.cache\dev\editor\bundled\index.js:271932:21)
4-21-2024 23:35:45 - warn: [Scene] The type of "NetworkConnect.hostname" must be CCString, not String.Error: [Scene] The type of "NetworkConnect.hostname" must be CCString, not String.
    at warn (C:\ProgramData\cocos\editors\Creator\3.8.2\resources\resources\3d\engine\bin\.cache\dev\editor\bundled\index.js:148661:12)
    at warnID (C:\ProgramData\cocos\editors\Creator\3.8.2\resources\resources\3d\engine\bin\.cache\dev\editor\bundled\index.js:148843:5)
    at parseType (C:\ProgramData\cocos\editors\Creator\3.8.2\resources\resources\3d\engine\bin\.cache\dev\editor\bundled\index.js:274085:11)
    at preprocessAttrs (C:\ProgramData\cocos\editors\Creator\3.8.2\resources\resources\3d\engine\bin\.cache\dev\editor\bundled\index.js:274200:11)
    at declareProperties (C:\ProgramData\cocos\editors\Creator\3.8.2\resources\resources\3d\engine\bin\.cache\dev\editor\bundled\index.js:129680:7)
    at CCClass (C:\ProgramData\cocos\editors\Creator\3.8.2\resources\resources\3d\engine\bin\.cache\dev\editor\bundled\index.js:129709:5)
    at eval (C:\ProgramData\cocos\editors\Creator\3.8.2\resources\resources\3d\engine\bin\.cache\dev\editor\bundled\index.js:271932:21)
4-21-2024 23:35:45 - warn: [Scene] The type of "NetworkConnect.port" must be CCFloat or CCInteger, not Number.Error: [Scene] The type of "NetworkConnect.port" must be CCFloat or CCInteger, not Number.
    at warn (C:\ProgramData\cocos\editors\Creator\3.8.2\resources\resources\3d\engine\bin\.cache\dev\editor\bundled\index.js:148661:12)
    at warnID (C:\ProgramData\cocos\editors\Creator\3.8.2\resources\resources\3d\engine\bin\.cache\dev\editor\bundled\index.js:148843:5)
    at parseType (C:\ProgramData\cocos\editors\Creator\3.8.2\resources\resources\3d\engine\bin\.cache\dev\editor\bundled\index.js:274095:11)
    at preprocessAttrs (C:\ProgramData\cocos\editors\Creator\3.8.2\resources\resources\3d\engine\bin\.cache\dev\editor\bundled\index.js:274200:11)
    at declareProperties (C:\ProgramData\cocos\editors\Creator\3.8.2\resources\resources\3d\engine\bin\.cache\dev\editor\bundled\index.js:129680:7)
    at CCClass (C:\ProgramData\cocos\editors\Creator\3.8.2\resources\resources\3d\engine\bin\.cache\dev\editor\bundled\index.js:129709:5)
    at eval (C:\ProgramData\cocos\editors\Creator\3.8.2\resources\resources\3d\engine\bin\.cache\dev\editor\bundled\index.js:271932:21)
4-21-2024 23:35:45 - warn: [Scene] The type of "NetworkConnect.useSSL" must be CCBoolean, not Boolean.Error: [Scene] The type of "NetworkConnect.useSSL" must be CCBoolean, not Boolean.
    at warn (C:\ProgramData\cocos\editors\Creator\3.8.2\resources\resources\3d\engine\bin\.cache\dev\editor\bundled\index.js:148661:12)
    at warnID (C:\ProgramData\cocos\editors\Creator\3.8.2\resources\resources\3d\engine\bin\.cache\dev\editor\bundled\index.js:148843:5)
    at parseType (C:\ProgramData\cocos\editors\Creator\3.8.2\resources\resources\3d\engine\bin\.cache\dev\editor\bundled\index.js:274090:11)
    at preprocessAttrs (C:\ProgramData\cocos\editors\Creator\3.8.2\resources\resources\3d\engine\bin\.cache\dev\editor\bundled\index.js:274200:11)
    at declareProperties (C:\ProgramData\cocos\editors\Creator\3.8.2\resources\resources\3d\engine\bin\.cache\dev\editor\bundled\index.js:129680:7)
    at CCClass (C:\ProgramData\cocos\editors\Creator\3.8.2\resources\resources\3d\engine\bin\.cache\dev\editor\bundled\index.js:129709:5)
    at eval (C:\ProgramData\cocos\editors\Creator\3.8.2\resources\resources\3d\engine\bin\.cache\dev\editor\bundled\index.js:271932:21)
4-21-2024 23:35:45 - warn: [Scene] No needs to indicate the 'cc.String' attribute for "NetworkConnect.hostname", which its default value is type of String.Error: [Scene] No needs to indicate the 'cc.String' attribute for "NetworkConnect.hostname", which its default value is type of String.
    at warn (C:\ProgramData\cocos\editors\Creator\3.8.2\resources\resources\3d\engine\bin\.cache\dev\editor\bundled\index.js:148661:12)
    at warnID (C:\ProgramData\cocos\editors\Creator\3.8.2\resources\resources\3d\engine\bin\.cache\dev\editor\bundled\index.js:148843:5)
    at Array.eval (C:\ProgramData\cocos\editors\Creator\3.8.2\resources\resources\3d\engine\bin\.cache\dev\editor\bundled\index.js:273312:11)
    at defineProp (C:\ProgramData\cocos\editors\Creator\3.8.2\resources\resources\3d\engine\bin\.cache\dev\editor\bundled\index.js:129523:27)
    at declareProperties (C:\ProgramData\cocos\editors\Creator\3.8.2\resources\resources\3d\engine\bin\.cache\dev\editor\bundled\index.js:129684:11)
    at CCClass (C:\ProgramData\cocos\editors\Creator\3.8.2\resources\resources\3d\engine\bin\.cache\dev\editor\bundled\index.js:129709:5)
    at eval (C:\ProgramData\cocos\editors\Creator\3.8.2\resources\resources\3d\engine\bin\.cache\dev\editor\bundled\index.js:271932:21)
4-21-2024 23:35:45 - warn: [Scene] No needs to indicate the 'cc.Boolean' attribute for "NetworkConnect.useSSL", which its default value is type of Boolean.Error: [Scene] No needs to indicate the 'cc.Boolean' attribute for "NetworkConnect.useSSL", which its default value is type of Boolean.
    at warn (C:\ProgramData\cocos\editors\Creator\3.8.2\resources\resources\3d\engine\bin\.cache\dev\editor\bundled\index.js:148661:12)
    at warnID (C:\ProgramData\cocos\editors\Creator\3.8.2\resources\resources\3d\engine\bin\.cache\dev\editor\bundled\index.js:148843:5)
    at Array.eval (C:\ProgramData\cocos\editors\Creator\3.8.2\resources\resources\3d\engine\bin\.cache\dev\editor\bundled\index.js:273312:11)
    at defineProp (C:\ProgramData\cocos\editors\Creator\3.8.2\resources\resources\3d\engine\bin\.cache\dev\editor\bundled\index.js:129523:27)
    at declareProperties (C:\ProgramData\cocos\editors\Creator\3.8.2\resources\resources\3d\engine\bin\.cache\dev\editor\bundled\index.js:129684:11)
    at CCClass (C:\ProgramData\cocos\editors\Creator\3.8.2\resources\resources\3d\engine\bin\.cache\dev\editor\bundled\index.js:129709:5)
    at eval (C:\ProgramData\cocos\editors\Creator\3.8.2\resources\resources\3d\engine\bin\.cache\dev\editor\bundled\index.js:271932:21)
4-21-2024 23:38:54 - warn: [Scene] The type of "NetworkConnect.hostname" must be CCString, not String.Error: [Scene] The type of "NetworkConnect.hostname" must be CCString, not String.
    at warn (C:\ProgramData\cocos\editors\Creator\3.8.2\resources\resources\3d\engine\bin\.cache\dev\editor\bundled\index.js:148661:12)
    at warnID (C:\ProgramData\cocos\editors\Creator\3.8.2\resources\resources\3d\engine\bin\.cache\dev\editor\bundled\index.js:148843:5)
    at parseType (C:\ProgramData\cocos\editors\Creator\3.8.2\resources\resources\3d\engine\bin\.cache\dev\editor\bundled\index.js:274085:11)
    at preprocessAttrs (C:\ProgramData\cocos\editors\Creator\3.8.2\resources\resources\3d\engine\bin\.cache\dev\editor\bundled\index.js:274200:11)
    at declareProperties (C:\ProgramData\cocos\editors\Creator\3.8.2\resources\resources\3d\engine\bin\.cache\dev\editor\bundled\index.js:129680:7)
    at CCClass (C:\ProgramData\cocos\editors\Creator\3.8.2\resources\resources\3d\engine\bin\.cache\dev\editor\bundled\index.js:129709:5)
    at eval (C:\ProgramData\cocos\editors\Creator\3.8.2\resources\resources\3d\engine\bin\.cache\dev\editor\bundled\index.js:271932:21)
4-21-2024 23:38:54 - warn: [Scene] The type of "NetworkConnect.port" must be CCFloat or CCInteger, not Number.Error: [Scene] The type of "NetworkConnect.port" must be CCFloat or CCInteger, not Number.
    at warn (C:\ProgramData\cocos\editors\Creator\3.8.2\resources\resources\3d\engine\bin\.cache\dev\editor\bundled\index.js:148661:12)
    at warnID (C:\ProgramData\cocos\editors\Creator\3.8.2\resources\resources\3d\engine\bin\.cache\dev\editor\bundled\index.js:148843:5)
    at parseType (C:\ProgramData\cocos\editors\Creator\3.8.2\resources\resources\3d\engine\bin\.cache\dev\editor\bundled\index.js:274095:11)
    at preprocessAttrs (C:\ProgramData\cocos\editors\Creator\3.8.2\resources\resources\3d\engine\bin\.cache\dev\editor\bundled\index.js:274200:11)
    at declareProperties (C:\ProgramData\cocos\editors\Creator\3.8.2\resources\resources\3d\engine\bin\.cache\dev\editor\bundled\index.js:129680:7)
    at CCClass (C:\ProgramData\cocos\editors\Creator\3.8.2\resources\resources\3d\engine\bin\.cache\dev\editor\bundled\index.js:129709:5)
    at eval (C:\ProgramData\cocos\editors\Creator\3.8.2\resources\resources\3d\engine\bin\.cache\dev\editor\bundled\index.js:271932:21)
4-21-2024 23:38:54 - warn: [Scene] The type of "NetworkConnect.useSSL" must be CCBoolean, not Boolean.Error: [Scene] The type of "NetworkConnect.useSSL" must be CCBoolean, not Boolean.
    at warn (C:\ProgramData\cocos\editors\Creator\3.8.2\resources\resources\3d\engine\bin\.cache\dev\editor\bundled\index.js:148661:12)
    at warnID (C:\ProgramData\cocos\editors\Creator\3.8.2\resources\resources\3d\engine\bin\.cache\dev\editor\bundled\index.js:148843:5)
    at parseType (C:\ProgramData\cocos\editors\Creator\3.8.2\resources\resources\3d\engine\bin\.cache\dev\editor\bundled\index.js:274090:11)
    at preprocessAttrs (C:\ProgramData\cocos\editors\Creator\3.8.2\resources\resources\3d\engine\bin\.cache\dev\editor\bundled\index.js:274200:11)
    at declareProperties (C:\ProgramData\cocos\editors\Creator\3.8.2\resources\resources\3d\engine\bin\.cache\dev\editor\bundled\index.js:129680:7)
    at CCClass (C:\ProgramData\cocos\editors\Creator\3.8.2\resources\resources\3d\engine\bin\.cache\dev\editor\bundled\index.js:129709:5)
    at eval (C:\ProgramData\cocos\editors\Creator\3.8.2\resources\resources\3d\engine\bin\.cache\dev\editor\bundled\index.js:271932:21)
4-21-2024 23:38:54 - warn: [Scene] No needs to indicate the 'cc.String' attribute for "NetworkConnect.hostname", which its default value is type of String.Error: [Scene] No needs to indicate the 'cc.String' attribute for "NetworkConnect.hostname", which its default value is type of String.
    at warn (C:\ProgramData\cocos\editors\Creator\3.8.2\resources\resources\3d\engine\bin\.cache\dev\editor\bundled\index.js:148661:12)
    at warnID (C:\ProgramData\cocos\editors\Creator\3.8.2\resources\resources\3d\engine\bin\.cache\dev\editor\bundled\index.js:148843:5)
    at Array.eval (C:\ProgramData\cocos\editors\Creator\3.8.2\resources\resources\3d\engine\bin\.cache\dev\editor\bundled\index.js:273312:11)
    at defineProp (C:\ProgramData\cocos\editors\Creator\3.8.2\resources\resources\3d\engine\bin\.cache\dev\editor\bundled\index.js:129523:27)
    at declareProperties (C:\ProgramData\cocos\editors\Creator\3.8.2\resources\resources\3d\engine\bin\.cache\dev\editor\bundled\index.js:129684:11)
    at CCClass (C:\ProgramData\cocos\editors\Creator\3.8.2\resources\resources\3d\engine\bin\.cache\dev\editor\bundled\index.js:129709:5)
    at eval (C:\ProgramData\cocos\editors\Creator\3.8.2\resources\resources\3d\engine\bin\.cache\dev\editor\bundled\index.js:271932:21)
4-21-2024 23:38:54 - warn: [Scene] No needs to indicate the 'cc.Boolean' attribute for "NetworkConnect.useSSL", which its default value is type of Boolean.Error: [Scene] No needs to indicate the 'cc.Boolean' attribute for "NetworkConnect.useSSL", which its default value is type of Boolean.
    at warn (C:\ProgramData\cocos\editors\Creator\3.8.2\resources\resources\3d\engine\bin\.cache\dev\editor\bundled\index.js:148661:12)
    at warnID (C:\ProgramData\cocos\editors\Creator\3.8.2\resources\resources\3d\engine\bin\.cache\dev\editor\bundled\index.js:148843:5)
    at Array.eval (C:\ProgramData\cocos\editors\Creator\3.8.2\resources\resources\3d\engine\bin\.cache\dev\editor\bundled\index.js:273312:11)
    at defineProp (C:\ProgramData\cocos\editors\Creator\3.8.2\resources\resources\3d\engine\bin\.cache\dev\editor\bundled\index.js:129523:27)
    at declareProperties (C:\ProgramData\cocos\editors\Creator\3.8.2\resources\resources\3d\engine\bin\.cache\dev\editor\bundled\index.js:129684:11)
    at CCClass (C:\ProgramData\cocos\editors\Creator\3.8.2\resources\resources\3d\engine\bin\.cache\dev\editor\bundled\index.js:129709:5)
    at eval (C:\ProgramData\cocos\editors\Creator\3.8.2\resources\resources\3d\engine\bin\.cache\dev\editor\bundled\index.js:271932:21)
4-21-2024 23:41:41 - warn: [Scene] The type of "NetworkConnect.hostname" must be CCString, not String.Error: [Scene] The type of "NetworkConnect.hostname" must be CCString, not String.
    at warn (C:\ProgramData\cocos\editors\Creator\3.8.2\resources\resources\3d\engine\bin\.cache\dev\editor\bundled\index.js:148661:12)
    at warnID (C:\ProgramData\cocos\editors\Creator\3.8.2\resources\resources\3d\engine\bin\.cache\dev\editor\bundled\index.js:148843:5)
    at parseType (C:\ProgramData\cocos\editors\Creator\3.8.2\resources\resources\3d\engine\bin\.cache\dev\editor\bundled\index.js:274085:11)
    at preprocessAttrs (C:\ProgramData\cocos\editors\Creator\3.8.2\resources\resources\3d\engine\bin\.cache\dev\editor\bundled\index.js:274200:11)
    at declareProperties (C:\ProgramData\cocos\editors\Creator\3.8.2\resources\resources\3d\engine\bin\.cache\dev\editor\bundled\index.js:129680:7)
    at CCClass (C:\ProgramData\cocos\editors\Creator\3.8.2\resources\resources\3d\engine\bin\.cache\dev\editor\bundled\index.js:129709:5)
    at eval (C:\ProgramData\cocos\editors\Creator\3.8.2\resources\resources\3d\engine\bin\.cache\dev\editor\bundled\index.js:271932:21)
4-21-2024 23:41:41 - warn: [Scene] The type of "NetworkConnect.port" must be CCFloat or CCInteger, not Number.Error: [Scene] The type of "NetworkConnect.port" must be CCFloat or CCInteger, not Number.
    at warn (C:\ProgramData\cocos\editors\Creator\3.8.2\resources\resources\3d\engine\bin\.cache\dev\editor\bundled\index.js:148661:12)
    at warnID (C:\ProgramData\cocos\editors\Creator\3.8.2\resources\resources\3d\engine\bin\.cache\dev\editor\bundled\index.js:148843:5)
    at parseType (C:\ProgramData\cocos\editors\Creator\3.8.2\resources\resources\3d\engine\bin\.cache\dev\editor\bundled\index.js:274095:11)
    at preprocessAttrs (C:\ProgramData\cocos\editors\Creator\3.8.2\resources\resources\3d\engine\bin\.cache\dev\editor\bundled\index.js:274200:11)
    at declareProperties (C:\ProgramData\cocos\editors\Creator\3.8.2\resources\resources\3d\engine\bin\.cache\dev\editor\bundled\index.js:129680:7)
    at CCClass (C:\ProgramData\cocos\editors\Creator\3.8.2\resources\resources\3d\engine\bin\.cache\dev\editor\bundled\index.js:129709:5)
    at eval (C:\ProgramData\cocos\editors\Creator\3.8.2\resources\resources\3d\engine\bin\.cache\dev\editor\bundled\index.js:271932:21)
4-21-2024 23:41:41 - warn: [Scene] The type of "NetworkConnect.useSSL" must be CCBoolean, not Boolean.Error: [Scene] The type of "NetworkConnect.useSSL" must be CCBoolean, not Boolean.
    at warn (C:\ProgramData\cocos\editors\Creator\3.8.2\resources\resources\3d\engine\bin\.cache\dev\editor\bundled\index.js:148661:12)
    at warnID (C:\ProgramData\cocos\editors\Creator\3.8.2\resources\resources\3d\engine\bin\.cache\dev\editor\bundled\index.js:148843:5)
    at parseType (C:\ProgramData\cocos\editors\Creator\3.8.2\resources\resources\3d\engine\bin\.cache\dev\editor\bundled\index.js:274090:11)
    at preprocessAttrs (C:\ProgramData\cocos\editors\Creator\3.8.2\resources\resources\3d\engine\bin\.cache\dev\editor\bundled\index.js:274200:11)
    at declareProperties (C:\ProgramData\cocos\editors\Creator\3.8.2\resources\resources\3d\engine\bin\.cache\dev\editor\bundled\index.js:129680:7)
    at CCClass (C:\ProgramData\cocos\editors\Creator\3.8.2\resources\resources\3d\engine\bin\.cache\dev\editor\bundled\index.js:129709:5)
    at eval (C:\ProgramData\cocos\editors\Creator\3.8.2\resources\resources\3d\engine\bin\.cache\dev\editor\bundled\index.js:271932:21)
4-21-2024 23:41:41 - warn: [Scene] No needs to indicate the 'cc.String' attribute for "NetworkConnect.hostname", which its default value is type of String.Error: [Scene] No needs to indicate the 'cc.String' attribute for "NetworkConnect.hostname", which its default value is type of String.
    at warn (C:\ProgramData\cocos\editors\Creator\3.8.2\resources\resources\3d\engine\bin\.cache\dev\editor\bundled\index.js:148661:12)
    at warnID (C:\ProgramData\cocos\editors\Creator\3.8.2\resources\resources\3d\engine\bin\.cache\dev\editor\bundled\index.js:148843:5)
    at Array.eval (C:\ProgramData\cocos\editors\Creator\3.8.2\resources\resources\3d\engine\bin\.cache\dev\editor\bundled\index.js:273312:11)
    at defineProp (C:\ProgramData\cocos\editors\Creator\3.8.2\resources\resources\3d\engine\bin\.cache\dev\editor\bundled\index.js:129523:27)
    at declareProperties (C:\ProgramData\cocos\editors\Creator\3.8.2\resources\resources\3d\engine\bin\.cache\dev\editor\bundled\index.js:129684:11)
    at CCClass (C:\ProgramData\cocos\editors\Creator\3.8.2\resources\resources\3d\engine\bin\.cache\dev\editor\bundled\index.js:129709:5)
    at eval (C:\ProgramData\cocos\editors\Creator\3.8.2\resources\resources\3d\engine\bin\.cache\dev\editor\bundled\index.js:271932:21)
4-21-2024 23:41:41 - warn: [Scene] No needs to indicate the 'cc.Boolean' attribute for "NetworkConnect.useSSL", which its default value is type of Boolean.Error: [Scene] No needs to indicate the 'cc.Boolean' attribute for "NetworkConnect.useSSL", which its default value is type of Boolean.
    at warn (C:\ProgramData\cocos\editors\Creator\3.8.2\resources\resources\3d\engine\bin\.cache\dev\editor\bundled\index.js:148661:12)
    at warnID (C:\ProgramData\cocos\editors\Creator\3.8.2\resources\resources\3d\engine\bin\.cache\dev\editor\bundled\index.js:148843:5)
    at Array.eval (C:\ProgramData\cocos\editors\Creator\3.8.2\resources\resources\3d\engine\bin\.cache\dev\editor\bundled\index.js:273312:11)
    at defineProp (C:\ProgramData\cocos\editors\Creator\3.8.2\resources\resources\3d\engine\bin\.cache\dev\editor\bundled\index.js:129523:27)
    at declareProperties (C:\ProgramData\cocos\editors\Creator\3.8.2\resources\resources\3d\engine\bin\.cache\dev\editor\bundled\index.js:129684:11)
    at CCClass (C:\ProgramData\cocos\editors\Creator\3.8.2\resources\resources\3d\engine\bin\.cache\dev\editor\bundled\index.js:129709:5)
    at eval (C:\ProgramData\cocos\editors\Creator\3.8.2\resources\resources\3d\engine\bin\.cache\dev\editor\bundled\index.js:271932:21)
4-21-2024 23:46:16 - warn: [Scene] The type of "NetworkConnect.hostname" must be CCString, not String.Error: [Scene] The type of "NetworkConnect.hostname" must be CCString, not String.
    at warn (C:\ProgramData\cocos\editors\Creator\3.8.2\resources\resources\3d\engine\bin\.cache\dev\editor\bundled\index.js:148661:12)
    at warnID (C:\ProgramData\cocos\editors\Creator\3.8.2\resources\resources\3d\engine\bin\.cache\dev\editor\bundled\index.js:148843:5)
    at parseType (C:\ProgramData\cocos\editors\Creator\3.8.2\resources\resources\3d\engine\bin\.cache\dev\editor\bundled\index.js:274085:11)
    at preprocessAttrs (C:\ProgramData\cocos\editors\Creator\3.8.2\resources\resources\3d\engine\bin\.cache\dev\editor\bundled\index.js:274200:11)
    at declareProperties (C:\ProgramData\cocos\editors\Creator\3.8.2\resources\resources\3d\engine\bin\.cache\dev\editor\bundled\index.js:129680:7)
    at CCClass (C:\ProgramData\cocos\editors\Creator\3.8.2\resources\resources\3d\engine\bin\.cache\dev\editor\bundled\index.js:129709:5)
    at eval (C:\ProgramData\cocos\editors\Creator\3.8.2\resources\resources\3d\engine\bin\.cache\dev\editor\bundled\index.js:271932:21)
4-21-2024 23:46:16 - warn: [Scene] The type of "NetworkConnect.port" must be CCFloat or CCInteger, not Number.Error: [Scene] The type of "NetworkConnect.port" must be CCFloat or CCInteger, not Number.
    at warn (C:\ProgramData\cocos\editors\Creator\3.8.2\resources\resources\3d\engine\bin\.cache\dev\editor\bundled\index.js:148661:12)
    at warnID (C:\ProgramData\cocos\editors\Creator\3.8.2\resources\resources\3d\engine\bin\.cache\dev\editor\bundled\index.js:148843:5)
    at parseType (C:\ProgramData\cocos\editors\Creator\3.8.2\resources\resources\3d\engine\bin\.cache\dev\editor\bundled\index.js:274095:11)
    at preprocessAttrs (C:\ProgramData\cocos\editors\Creator\3.8.2\resources\resources\3d\engine\bin\.cache\dev\editor\bundled\index.js:274200:11)
    at declareProperties (C:\ProgramData\cocos\editors\Creator\3.8.2\resources\resources\3d\engine\bin\.cache\dev\editor\bundled\index.js:129680:7)
    at CCClass (C:\ProgramData\cocos\editors\Creator\3.8.2\resources\resources\3d\engine\bin\.cache\dev\editor\bundled\index.js:129709:5)
    at eval (C:\ProgramData\cocos\editors\Creator\3.8.2\resources\resources\3d\engine\bin\.cache\dev\editor\bundled\index.js:271932:21)
4-21-2024 23:46:16 - warn: [Scene] The type of "NetworkConnect.useSSL" must be CCBoolean, not Boolean.Error: [Scene] The type of "NetworkConnect.useSSL" must be CCBoolean, not Boolean.
    at warn (C:\ProgramData\cocos\editors\Creator\3.8.2\resources\resources\3d\engine\bin\.cache\dev\editor\bundled\index.js:148661:12)
    at warnID (C:\ProgramData\cocos\editors\Creator\3.8.2\resources\resources\3d\engine\bin\.cache\dev\editor\bundled\index.js:148843:5)
    at parseType (C:\ProgramData\cocos\editors\Creator\3.8.2\resources\resources\3d\engine\bin\.cache\dev\editor\bundled\index.js:274090:11)
    at preprocessAttrs (C:\ProgramData\cocos\editors\Creator\3.8.2\resources\resources\3d\engine\bin\.cache\dev\editor\bundled\index.js:274200:11)
    at declareProperties (C:\ProgramData\cocos\editors\Creator\3.8.2\resources\resources\3d\engine\bin\.cache\dev\editor\bundled\index.js:129680:7)
    at CCClass (C:\ProgramData\cocos\editors\Creator\3.8.2\resources\resources\3d\engine\bin\.cache\dev\editor\bundled\index.js:129709:5)
    at eval (C:\ProgramData\cocos\editors\Creator\3.8.2\resources\resources\3d\engine\bin\.cache\dev\editor\bundled\index.js:271932:21)
4-21-2024 23:46:16 - warn: [Scene] No needs to indicate the 'cc.String' attribute for "NetworkConnect.hostname", which its default value is type of String.Error: [Scene] No needs to indicate the 'cc.String' attribute for "NetworkConnect.hostname", which its default value is type of String.
    at warn (C:\ProgramData\cocos\editors\Creator\3.8.2\resources\resources\3d\engine\bin\.cache\dev\editor\bundled\index.js:148661:12)
    at warnID (C:\ProgramData\cocos\editors\Creator\3.8.2\resources\resources\3d\engine\bin\.cache\dev\editor\bundled\index.js:148843:5)
    at Array.eval (C:\ProgramData\cocos\editors\Creator\3.8.2\resources\resources\3d\engine\bin\.cache\dev\editor\bundled\index.js:273312:11)
    at defineProp (C:\ProgramData\cocos\editors\Creator\3.8.2\resources\resources\3d\engine\bin\.cache\dev\editor\bundled\index.js:129523:27)
    at declareProperties (C:\ProgramData\cocos\editors\Creator\3.8.2\resources\resources\3d\engine\bin\.cache\dev\editor\bundled\index.js:129684:11)
    at CCClass (C:\ProgramData\cocos\editors\Creator\3.8.2\resources\resources\3d\engine\bin\.cache\dev\editor\bundled\index.js:129709:5)
    at eval (C:\ProgramData\cocos\editors\Creator\3.8.2\resources\resources\3d\engine\bin\.cache\dev\editor\bundled\index.js:271932:21)
4-21-2024 23:46:16 - warn: [Scene] No needs to indicate the 'cc.Boolean' attribute for "NetworkConnect.useSSL", which its default value is type of Boolean.Error: [Scene] No needs to indicate the 'cc.Boolean' attribute for "NetworkConnect.useSSL", which its default value is type of Boolean.
    at warn (C:\ProgramData\cocos\editors\Creator\3.8.2\resources\resources\3d\engine\bin\.cache\dev\editor\bundled\index.js:148661:12)
    at warnID (C:\ProgramData\cocos\editors\Creator\3.8.2\resources\resources\3d\engine\bin\.cache\dev\editor\bundled\index.js:148843:5)
    at Array.eval (C:\ProgramData\cocos\editors\Creator\3.8.2\resources\resources\3d\engine\bin\.cache\dev\editor\bundled\index.js:273312:11)
    at defineProp (C:\ProgramData\cocos\editors\Creator\3.8.2\resources\resources\3d\engine\bin\.cache\dev\editor\bundled\index.js:129523:27)
    at declareProperties (C:\ProgramData\cocos\editors\Creator\3.8.2\resources\resources\3d\engine\bin\.cache\dev\editor\bundled\index.js:129684:11)
    at CCClass (C:\ProgramData\cocos\editors\Creator\3.8.2\resources\resources\3d\engine\bin\.cache\dev\editor\bundled\index.js:129709:5)
    at eval (C:\ProgramData\cocos\editors\Creator\3.8.2\resources\resources\3d\engine\bin\.cache\dev\editor\bundled\index.js:271932:21)
4-21-2024 23:48:01 - warn: [Scene] The type of "NetworkConnect.hostname" must be CCString, not String.Error: [Scene] The type of "NetworkConnect.hostname" must be CCString, not String.
    at warn (C:\ProgramData\cocos\editors\Creator\3.8.2\resources\resources\3d\engine\bin\.cache\dev\editor\bundled\index.js:148661:12)
    at warnID (C:\ProgramData\cocos\editors\Creator\3.8.2\resources\resources\3d\engine\bin\.cache\dev\editor\bundled\index.js:148843:5)
    at parseType (C:\ProgramData\cocos\editors\Creator\3.8.2\resources\resources\3d\engine\bin\.cache\dev\editor\bundled\index.js:274085:11)
    at preprocessAttrs (C:\ProgramData\cocos\editors\Creator\3.8.2\resources\resources\3d\engine\bin\.cache\dev\editor\bundled\index.js:274200:11)
    at declareProperties (C:\ProgramData\cocos\editors\Creator\3.8.2\resources\resources\3d\engine\bin\.cache\dev\editor\bundled\index.js:129680:7)
    at CCClass (C:\ProgramData\cocos\editors\Creator\3.8.2\resources\resources\3d\engine\bin\.cache\dev\editor\bundled\index.js:129709:5)
    at eval (C:\ProgramData\cocos\editors\Creator\3.8.2\resources\resources\3d\engine\bin\.cache\dev\editor\bundled\index.js:271932:21)
4-21-2024 23:48:01 - warn: [Scene] The type of "NetworkConnect.port" must be CCFloat or CCInteger, not Number.Error: [Scene] The type of "NetworkConnect.port" must be CCFloat or CCInteger, not Number.
    at warn (C:\ProgramData\cocos\editors\Creator\3.8.2\resources\resources\3d\engine\bin\.cache\dev\editor\bundled\index.js:148661:12)
    at warnID (C:\ProgramData\cocos\editors\Creator\3.8.2\resources\resources\3d\engine\bin\.cache\dev\editor\bundled\index.js:148843:5)
    at parseType (C:\ProgramData\cocos\editors\Creator\3.8.2\resources\resources\3d\engine\bin\.cache\dev\editor\bundled\index.js:274095:11)
    at preprocessAttrs (C:\ProgramData\cocos\editors\Creator\3.8.2\resources\resources\3d\engine\bin\.cache\dev\editor\bundled\index.js:274200:11)
    at declareProperties (C:\ProgramData\cocos\editors\Creator\3.8.2\resources\resources\3d\engine\bin\.cache\dev\editor\bundled\index.js:129680:7)
    at CCClass (C:\ProgramData\cocos\editors\Creator\3.8.2\resources\resources\3d\engine\bin\.cache\dev\editor\bundled\index.js:129709:5)
    at eval (C:\ProgramData\cocos\editors\Creator\3.8.2\resources\resources\3d\engine\bin\.cache\dev\editor\bundled\index.js:271932:21)
4-21-2024 23:48:01 - warn: [Scene] The type of "NetworkConnect.useSSL" must be CCBoolean, not Boolean.Error: [Scene] The type of "NetworkConnect.useSSL" must be CCBoolean, not Boolean.
    at warn (C:\ProgramData\cocos\editors\Creator\3.8.2\resources\resources\3d\engine\bin\.cache\dev\editor\bundled\index.js:148661:12)
    at warnID (C:\ProgramData\cocos\editors\Creator\3.8.2\resources\resources\3d\engine\bin\.cache\dev\editor\bundled\index.js:148843:5)
    at parseType (C:\ProgramData\cocos\editors\Creator\3.8.2\resources\resources\3d\engine\bin\.cache\dev\editor\bundled\index.js:274090:11)
    at preprocessAttrs (C:\ProgramData\cocos\editors\Creator\3.8.2\resources\resources\3d\engine\bin\.cache\dev\editor\bundled\index.js:274200:11)
    at declareProperties (C:\ProgramData\cocos\editors\Creator\3.8.2\resources\resources\3d\engine\bin\.cache\dev\editor\bundled\index.js:129680:7)
    at CCClass (C:\ProgramData\cocos\editors\Creator\3.8.2\resources\resources\3d\engine\bin\.cache\dev\editor\bundled\index.js:129709:5)
    at eval (C:\ProgramData\cocos\editors\Creator\3.8.2\resources\resources\3d\engine\bin\.cache\dev\editor\bundled\index.js:271932:21)
4-21-2024 23:48:01 - warn: [Scene] No needs to indicate the 'cc.String' attribute for "NetworkConnect.hostname", which its default value is type of String.Error: [Scene] No needs to indicate the 'cc.String' attribute for "NetworkConnect.hostname", which its default value is type of String.
    at warn (C:\ProgramData\cocos\editors\Creator\3.8.2\resources\resources\3d\engine\bin\.cache\dev\editor\bundled\index.js:148661:12)
    at warnID (C:\ProgramData\cocos\editors\Creator\3.8.2\resources\resources\3d\engine\bin\.cache\dev\editor\bundled\index.js:148843:5)
    at Array.eval (C:\ProgramData\cocos\editors\Creator\3.8.2\resources\resources\3d\engine\bin\.cache\dev\editor\bundled\index.js:273312:11)
    at defineProp (C:\ProgramData\cocos\editors\Creator\3.8.2\resources\resources\3d\engine\bin\.cache\dev\editor\bundled\index.js:129523:27)
    at declareProperties (C:\ProgramData\cocos\editors\Creator\3.8.2\resources\resources\3d\engine\bin\.cache\dev\editor\bundled\index.js:129684:11)
    at CCClass (C:\ProgramData\cocos\editors\Creator\3.8.2\resources\resources\3d\engine\bin\.cache\dev\editor\bundled\index.js:129709:5)
    at eval (C:\ProgramData\cocos\editors\Creator\3.8.2\resources\resources\3d\engine\bin\.cache\dev\editor\bundled\index.js:271932:21)
4-21-2024 23:48:01 - warn: [Scene] No needs to indicate the 'cc.Boolean' attribute for "NetworkConnect.useSSL", which its default value is type of Boolean.Error: [Scene] No needs to indicate the 'cc.Boolean' attribute for "NetworkConnect.useSSL", which its default value is type of Boolean.
    at warn (C:\ProgramData\cocos\editors\Creator\3.8.2\resources\resources\3d\engine\bin\.cache\dev\editor\bundled\index.js:148661:12)
    at warnID (C:\ProgramData\cocos\editors\Creator\3.8.2\resources\resources\3d\engine\bin\.cache\dev\editor\bundled\index.js:148843:5)
    at Array.eval (C:\ProgramData\cocos\editors\Creator\3.8.2\resources\resources\3d\engine\bin\.cache\dev\editor\bundled\index.js:273312:11)
    at defineProp (C:\ProgramData\cocos\editors\Creator\3.8.2\resources\resources\3d\engine\bin\.cache\dev\editor\bundled\index.js:129523:27)
    at declareProperties (C:\ProgramData\cocos\editors\Creator\3.8.2\resources\resources\3d\engine\bin\.cache\dev\editor\bundled\index.js:129684:11)
    at CCClass (C:\ProgramData\cocos\editors\Creator\3.8.2\resources\resources\3d\engine\bin\.cache\dev\editor\bundled\index.js:129709:5)
    at eval (C:\ProgramData\cocos\editors\Creator\3.8.2\resources\resources\3d\engine\bin\.cache\dev\editor\bundled\index.js:271932:21)
4-21-2024 23:50:08 - warn: [Scene] The type of "NetworkConnect.hostname" must be CCString, not String.Error: [Scene] The type of "NetworkConnect.hostname" must be CCString, not String.
    at warn (C:\ProgramData\cocos\editors\Creator\3.8.2\resources\resources\3d\engine\bin\.cache\dev\editor\bundled\index.js:148661:12)
    at warnID (C:\ProgramData\cocos\editors\Creator\3.8.2\resources\resources\3d\engine\bin\.cache\dev\editor\bundled\index.js:148843:5)
    at parseType (C:\ProgramData\cocos\editors\Creator\3.8.2\resources\resources\3d\engine\bin\.cache\dev\editor\bundled\index.js:274085:11)
    at preprocessAttrs (C:\ProgramData\cocos\editors\Creator\3.8.2\resources\resources\3d\engine\bin\.cache\dev\editor\bundled\index.js:274200:11)
    at declareProperties (C:\ProgramData\cocos\editors\Creator\3.8.2\resources\resources\3d\engine\bin\.cache\dev\editor\bundled\index.js:129680:7)
    at CCClass (C:\ProgramData\cocos\editors\Creator\3.8.2\resources\resources\3d\engine\bin\.cache\dev\editor\bundled\index.js:129709:5)
    at eval (C:\ProgramData\cocos\editors\Creator\3.8.2\resources\resources\3d\engine\bin\.cache\dev\editor\bundled\index.js:271932:21)
4-21-2024 23:50:08 - warn: [Scene] The type of "NetworkConnect.port" must be CCFloat or CCInteger, not Number.Error: [Scene] The type of "NetworkConnect.port" must be CCFloat or CCInteger, not Number.
    at warn (C:\ProgramData\cocos\editors\Creator\3.8.2\resources\resources\3d\engine\bin\.cache\dev\editor\bundled\index.js:148661:12)
    at warnID (C:\ProgramData\cocos\editors\Creator\3.8.2\resources\resources\3d\engine\bin\.cache\dev\editor\bundled\index.js:148843:5)
    at parseType (C:\ProgramData\cocos\editors\Creator\3.8.2\resources\resources\3d\engine\bin\.cache\dev\editor\bundled\index.js:274095:11)
    at preprocessAttrs (C:\ProgramData\cocos\editors\Creator\3.8.2\resources\resources\3d\engine\bin\.cache\dev\editor\bundled\index.js:274200:11)
    at declareProperties (C:\ProgramData\cocos\editors\Creator\3.8.2\resources\resources\3d\engine\bin\.cache\dev\editor\bundled\index.js:129680:7)
    at CCClass (C:\ProgramData\cocos\editors\Creator\3.8.2\resources\resources\3d\engine\bin\.cache\dev\editor\bundled\index.js:129709:5)
    at eval (C:\ProgramData\cocos\editors\Creator\3.8.2\resources\resources\3d\engine\bin\.cache\dev\editor\bundled\index.js:271932:21)
4-21-2024 23:50:08 - warn: [Scene] The type of "NetworkConnect.useSSL" must be CCBoolean, not Boolean.Error: [Scene] The type of "NetworkConnect.useSSL" must be CCBoolean, not Boolean.
    at warn (C:\ProgramData\cocos\editors\Creator\3.8.2\resources\resources\3d\engine\bin\.cache\dev\editor\bundled\index.js:148661:12)
    at warnID (C:\ProgramData\cocos\editors\Creator\3.8.2\resources\resources\3d\engine\bin\.cache\dev\editor\bundled\index.js:148843:5)
    at parseType (C:\ProgramData\cocos\editors\Creator\3.8.2\resources\resources\3d\engine\bin\.cache\dev\editor\bundled\index.js:274090:11)
    at preprocessAttrs (C:\ProgramData\cocos\editors\Creator\3.8.2\resources\resources\3d\engine\bin\.cache\dev\editor\bundled\index.js:274200:11)
    at declareProperties (C:\ProgramData\cocos\editors\Creator\3.8.2\resources\resources\3d\engine\bin\.cache\dev\editor\bundled\index.js:129680:7)
    at CCClass (C:\ProgramData\cocos\editors\Creator\3.8.2\resources\resources\3d\engine\bin\.cache\dev\editor\bundled\index.js:129709:5)
    at eval (C:\ProgramData\cocos\editors\Creator\3.8.2\resources\resources\3d\engine\bin\.cache\dev\editor\bundled\index.js:271932:21)
4-21-2024 23:50:08 - warn: [Scene] No needs to indicate the 'cc.String' attribute for "NetworkConnect.hostname", which its default value is type of String.Error: [Scene] No needs to indicate the 'cc.String' attribute for "NetworkConnect.hostname", which its default value is type of String.
    at warn (C:\ProgramData\cocos\editors\Creator\3.8.2\resources\resources\3d\engine\bin\.cache\dev\editor\bundled\index.js:148661:12)
    at warnID (C:\ProgramData\cocos\editors\Creator\3.8.2\resources\resources\3d\engine\bin\.cache\dev\editor\bundled\index.js:148843:5)
    at Array.eval (C:\ProgramData\cocos\editors\Creator\3.8.2\resources\resources\3d\engine\bin\.cache\dev\editor\bundled\index.js:273312:11)
    at defineProp (C:\ProgramData\cocos\editors\Creator\3.8.2\resources\resources\3d\engine\bin\.cache\dev\editor\bundled\index.js:129523:27)
    at declareProperties (C:\ProgramData\cocos\editors\Creator\3.8.2\resources\resources\3d\engine\bin\.cache\dev\editor\bundled\index.js:129684:11)
    at CCClass (C:\ProgramData\cocos\editors\Creator\3.8.2\resources\resources\3d\engine\bin\.cache\dev\editor\bundled\index.js:129709:5)
    at eval (C:\ProgramData\cocos\editors\Creator\3.8.2\resources\resources\3d\engine\bin\.cache\dev\editor\bundled\index.js:271932:21)
4-21-2024 23:50:08 - warn: [Scene] No needs to indicate the 'cc.Boolean' attribute for "NetworkConnect.useSSL", which its default value is type of Boolean.Error: [Scene] No needs to indicate the 'cc.Boolean' attribute for "NetworkConnect.useSSL", which its default value is type of Boolean.
    at warn (C:\ProgramData\cocos\editors\Creator\3.8.2\resources\resources\3d\engine\bin\.cache\dev\editor\bundled\index.js:148661:12)
    at warnID (C:\ProgramData\cocos\editors\Creator\3.8.2\resources\resources\3d\engine\bin\.cache\dev\editor\bundled\index.js:148843:5)
    at Array.eval (C:\ProgramData\cocos\editors\Creator\3.8.2\resources\resources\3d\engine\bin\.cache\dev\editor\bundled\index.js:273312:11)
    at defineProp (C:\ProgramData\cocos\editors\Creator\3.8.2\resources\resources\3d\engine\bin\.cache\dev\editor\bundled\index.js:129523:27)
    at declareProperties (C:\ProgramData\cocos\editors\Creator\3.8.2\resources\resources\3d\engine\bin\.cache\dev\editor\bundled\index.js:129684:11)
    at CCClass (C:\ProgramData\cocos\editors\Creator\3.8.2\resources\resources\3d\engine\bin\.cache\dev\editor\bundled\index.js:129709:5)
    at eval (C:\ProgramData\cocos\editors\Creator\3.8.2\resources\resources\3d\engine\bin\.cache\dev\editor\bundled\index.js:271932:21)
4-21-2024 23:57:19 - warn: [Scene] The type of "NetworkConnect.hostname" must be CCString, not String.Error: [Scene] The type of "NetworkConnect.hostname" must be CCString, not String.
    at warn (C:\ProgramData\cocos\editors\Creator\3.8.2\resources\resources\3d\engine\bin\.cache\dev\editor\bundled\index.js:148661:12)
    at warnID (C:\ProgramData\cocos\editors\Creator\3.8.2\resources\resources\3d\engine\bin\.cache\dev\editor\bundled\index.js:148843:5)
    at parseType (C:\ProgramData\cocos\editors\Creator\3.8.2\resources\resources\3d\engine\bin\.cache\dev\editor\bundled\index.js:274085:11)
    at preprocessAttrs (C:\ProgramData\cocos\editors\Creator\3.8.2\resources\resources\3d\engine\bin\.cache\dev\editor\bundled\index.js:274200:11)
    at declareProperties (C:\ProgramData\cocos\editors\Creator\3.8.2\resources\resources\3d\engine\bin\.cache\dev\editor\bundled\index.js:129680:7)
    at CCClass (C:\ProgramData\cocos\editors\Creator\3.8.2\resources\resources\3d\engine\bin\.cache\dev\editor\bundled\index.js:129709:5)
    at eval (C:\ProgramData\cocos\editors\Creator\3.8.2\resources\resources\3d\engine\bin\.cache\dev\editor\bundled\index.js:271932:21)
4-21-2024 23:57:19 - warn: [Scene] The type of "NetworkConnect.port" must be CCFloat or CCInteger, not Number.Error: [Scene] The type of "NetworkConnect.port" must be CCFloat or CCInteger, not Number.
    at warn (C:\ProgramData\cocos\editors\Creator\3.8.2\resources\resources\3d\engine\bin\.cache\dev\editor\bundled\index.js:148661:12)
    at warnID (C:\ProgramData\cocos\editors\Creator\3.8.2\resources\resources\3d\engine\bin\.cache\dev\editor\bundled\index.js:148843:5)
    at parseType (C:\ProgramData\cocos\editors\Creator\3.8.2\resources\resources\3d\engine\bin\.cache\dev\editor\bundled\index.js:274095:11)
    at preprocessAttrs (C:\ProgramData\cocos\editors\Creator\3.8.2\resources\resources\3d\engine\bin\.cache\dev\editor\bundled\index.js:274200:11)
    at declareProperties (C:\ProgramData\cocos\editors\Creator\3.8.2\resources\resources\3d\engine\bin\.cache\dev\editor\bundled\index.js:129680:7)
    at CCClass (C:\ProgramData\cocos\editors\Creator\3.8.2\resources\resources\3d\engine\bin\.cache\dev\editor\bundled\index.js:129709:5)
    at eval (C:\ProgramData\cocos\editors\Creator\3.8.2\resources\resources\3d\engine\bin\.cache\dev\editor\bundled\index.js:271932:21)
4-21-2024 23:57:19 - warn: [Scene] The type of "NetworkConnect.useSSL" must be CCBoolean, not Boolean.Error: [Scene] The type of "NetworkConnect.useSSL" must be CCBoolean, not Boolean.
    at warn (C:\ProgramData\cocos\editors\Creator\3.8.2\resources\resources\3d\engine\bin\.cache\dev\editor\bundled\index.js:148661:12)
    at warnID (C:\ProgramData\cocos\editors\Creator\3.8.2\resources\resources\3d\engine\bin\.cache\dev\editor\bundled\index.js:148843:5)
    at parseType (C:\ProgramData\cocos\editors\Creator\3.8.2\resources\resources\3d\engine\bin\.cache\dev\editor\bundled\index.js:274090:11)
    at preprocessAttrs (C:\ProgramData\cocos\editors\Creator\3.8.2\resources\resources\3d\engine\bin\.cache\dev\editor\bundled\index.js:274200:11)
    at declareProperties (C:\ProgramData\cocos\editors\Creator\3.8.2\resources\resources\3d\engine\bin\.cache\dev\editor\bundled\index.js:129680:7)
    at CCClass (C:\ProgramData\cocos\editors\Creator\3.8.2\resources\resources\3d\engine\bin\.cache\dev\editor\bundled\index.js:129709:5)
    at eval (C:\ProgramData\cocos\editors\Creator\3.8.2\resources\resources\3d\engine\bin\.cache\dev\editor\bundled\index.js:271932:21)
4-21-2024 23:57:19 - warn: [Scene] No needs to indicate the 'cc.String' attribute for "NetworkConnect.hostname", which its default value is type of String.Error: [Scene] No needs to indicate the 'cc.String' attribute for "NetworkConnect.hostname", which its default value is type of String.
    at warn (C:\ProgramData\cocos\editors\Creator\3.8.2\resources\resources\3d\engine\bin\.cache\dev\editor\bundled\index.js:148661:12)
    at warnID (C:\ProgramData\cocos\editors\Creator\3.8.2\resources\resources\3d\engine\bin\.cache\dev\editor\bundled\index.js:148843:5)
    at Array.eval (C:\ProgramData\cocos\editors\Creator\3.8.2\resources\resources\3d\engine\bin\.cache\dev\editor\bundled\index.js:273312:11)
    at defineProp (C:\ProgramData\cocos\editors\Creator\3.8.2\resources\resources\3d\engine\bin\.cache\dev\editor\bundled\index.js:129523:27)
    at declareProperties (C:\ProgramData\cocos\editors\Creator\3.8.2\resources\resources\3d\engine\bin\.cache\dev\editor\bundled\index.js:129684:11)
    at CCClass (C:\ProgramData\cocos\editors\Creator\3.8.2\resources\resources\3d\engine\bin\.cache\dev\editor\bundled\index.js:129709:5)
    at eval (C:\ProgramData\cocos\editors\Creator\3.8.2\resources\resources\3d\engine\bin\.cache\dev\editor\bundled\index.js:271932:21)
4-21-2024 23:57:19 - warn: [Scene] No needs to indicate the 'cc.Boolean' attribute for "NetworkConnect.useSSL", which its default value is type of Boolean.Error: [Scene] No needs to indicate the 'cc.Boolean' attribute for "NetworkConnect.useSSL", which its default value is type of Boolean.
    at warn (C:\ProgramData\cocos\editors\Creator\3.8.2\resources\resources\3d\engine\bin\.cache\dev\editor\bundled\index.js:148661:12)
    at warnID (C:\ProgramData\cocos\editors\Creator\3.8.2\resources\resources\3d\engine\bin\.cache\dev\editor\bundled\index.js:148843:5)
    at Array.eval (C:\ProgramData\cocos\editors\Creator\3.8.2\resources\resources\3d\engine\bin\.cache\dev\editor\bundled\index.js:273312:11)
    at defineProp (C:\ProgramData\cocos\editors\Creator\3.8.2\resources\resources\3d\engine\bin\.cache\dev\editor\bundled\index.js:129523:27)
    at declareProperties (C:\ProgramData\cocos\editors\Creator\3.8.2\resources\resources\3d\engine\bin\.cache\dev\editor\bundled\index.js:129684:11)
    at CCClass (C:\ProgramData\cocos\editors\Creator\3.8.2\resources\resources\3d\engine\bin\.cache\dev\editor\bundled\index.js:129709:5)
    at eval (C:\ProgramData\cocos\editors\Creator\3.8.2\resources\resources\3d\engine\bin\.cache\dev\editor\bundled\index.js:271932:21)
4-22-2024 08:56:01 - error: Error occurred in handler for 'GUEST_VIEW_MANAGER_CALL': Error: Invalid guestInstanceId: 6
    at getGuestForWebContents (electron/js2c/browser_init.js:181:6307)
    at electron/js2c/browser_init.js:181:5372
    at electron/js2c/browser_init.js:181:1637
    at electron/js2c/browser_init.js:197:579
    at Object.<anonymous> (electron/js2c/browser_init.js:161:9782)
    at Object.emit (events.js:315:20)
    at Object.emit (domain.js:467:12)
