09:42:27 debug: 4/22/2024, 9:42:27 AM
09:42:27 debug: Project: /Users/waostudio/Desktop/Fix3
09:42:27 debug: Targets: editor,preview
09:42:27 debug: Incremental file seems great.
09:42:27 debug: Engine path: /Applications/Cocos/Creator/3.8.2/CocosCreator.app/Contents/Resources/resources/3d/engine
09:42:27 debug: Initializing target [Editor]
09:42:27 debug: Loading cache
09:42:27 debug: Loading cache costs 1.5142920017242432ms.
09:42:27 debug: Engine features shipped in editor: base,gfx-webgl,gfx-webgl2,gfx-empty,3d,animation,skeletal-animation,2d,ui,particle,particle-2d,physics-framework,physics-2d-framework,physics-2d-box2d-wasm,intersection-2d,primitive,profiler,occlusion-query,geometry-renderer,debug-renderer,audio,video,xr,light-probe,terrain,webview,tween,tiled-map,spine,dragon-bones,marionette,procedural-animation,custom-pipeline,websocket,websocket-server
09:42:27 debug: Our import map(foo:/bar): {
  "imports": {
    "cc": "cce:/internal/x/cc"
  }
}
09:42:27 debug: Initializing target [Preview]
09:42:27 debug: Loading cache
09:42:27 debug: Loading cache costs 1.2160840034484863ms.
09:42:27 debug: Our import map(foo:/bar): {
  "imports": {
    "cc": "cce:/internal/x/cc"
  }
}
09:42:27 debug: Sync engine features: 2d,animation,audio,base,dragon-bones,gfx-webgl,gfx-webgl2,intersection-2d,particle-2d,physics-2d-box2d,profiler,spine,tiled-map,tween,ui,video,webview
09:42:27 debug: Reset databases. Enumerated domains: [
  {
    "root": "db://internal/",
    "physical": "/Applications/Cocos/Creator/3.8.2/CocosCreator.app/Contents/Resources/resources/3d/engine/editor/assets"
  },
  {
    "root": "db://assets/",
    "physical": "/Users/waostudio/Desktop/Fix3/assets"
  },
  {
    "root": "db://colyseus-sdk/",
    "physical": "/Users/waostudio/Desktop/Fix3/extensions/Colyseus Multiplayer SDK/runtime",
    "jail": "/Users/waostudio/Desktop/Fix3/extensions/Colyseus Multiplayer SDK/runtime"
  }
]
09:42:27 debug: Our import map(foo:/bar): {
  "imports": {
    "cc": "cce:/internal/x/cc",
    "db://internal/": "file:///Applications/Cocos/Creator/3.8.2/CocosCreator.app/Contents/Resources/resources/3d/engine/editor/assets/",
    "db://assets/": "file:///Users/waostudio/Desktop/Fix3/assets/",
    "db://colyseus-sdk/": "file:///Users/waostudio/Desktop/Fix3/extensions/Colyseus%20Multiplayer%20SDK/runtime/"
  }
}
09:42:27 debug: Our import map(foo:/bar): {
  "imports": {
    "cc": "cce:/internal/x/cc",
    "db://internal/": "file:///Applications/Cocos/Creator/3.8.2/CocosCreator.app/Contents/Resources/resources/3d/engine/editor/assets/",
    "db://assets/": "file:///Users/waostudio/Desktop/Fix3/assets/",
    "db://colyseus-sdk/": "file:///Users/waostudio/Desktop/Fix3/extensions/Colyseus%20Multiplayer%20SDK/runtime/"
  }
}
09:42:27 debug: Pulling asset-db.
09:42:27 debug: Fetch asset-db cost: 9.997999906539917ms.
09:42:27 debug: Build iteration starts.
Number of accumulated asset changes: 7
Feature changed: false
09:42:27 debug: Target(editor) build started.
09:42:27 debug: Detected change: cce:/internal/x/cc. Last mtime: Thu Jan 01 1970 08:00:29 GMT+0800 (Indochina Time), Current mtime: Thu Jan 01 1970 08:00:05 GMT+0800 (Indochina Time)
09:42:27 debug: Inspect cce:/internal/x/cc
09:42:27 debug: Resolve cce:/internal/x/cc-fu/base from cce:/internal/x/cc as external dependency cce:/internal/x/cc-fu/base.
09:42:27 debug: Resolve cce:/internal/x/cc-fu/gfx-webgl from cce:/internal/x/cc as external dependency cce:/internal/x/cc-fu/gfx-webgl.
09:42:27 debug: Resolve cce:/internal/x/cc-fu/gfx-webgl2 from cce:/internal/x/cc as external dependency cce:/internal/x/cc-fu/gfx-webgl2.
09:42:27 debug: Resolve cce:/internal/x/cc-fu/gfx-empty from cce:/internal/x/cc as external dependency cce:/internal/x/cc-fu/gfx-empty.
09:42:27 debug: Resolve cce:/internal/x/cc-fu/3d from cce:/internal/x/cc as external dependency cce:/internal/x/cc-fu/3d.
09:42:27 debug: Resolve cce:/internal/x/cc-fu/animation from cce:/internal/x/cc as external dependency cce:/internal/x/cc-fu/animation.
09:42:27 debug: Resolve cce:/internal/x/cc-fu/skeletal-animation from cce:/internal/x/cc as external dependency cce:/internal/x/cc-fu/skeletal-animation.
09:42:27 debug: Resolve cce:/internal/x/cc-fu/2d from cce:/internal/x/cc as external dependency cce:/internal/x/cc-fu/2d.
09:42:27 debug: Resolve cce:/internal/x/cc-fu/sorting from cce:/internal/x/cc as external dependency cce:/internal/x/cc-fu/sorting.
09:42:27 debug: Resolve cce:/internal/x/cc-fu/ui from cce:/internal/x/cc as external dependency cce:/internal/x/cc-fu/ui.
09:42:27 debug: Resolve cce:/internal/x/cc-fu/particle from cce:/internal/x/cc as external dependency cce:/internal/x/cc-fu/particle.
09:42:27 debug: Resolve cce:/internal/x/cc-fu/particle-2d from cce:/internal/x/cc as external dependency cce:/internal/x/cc-fu/particle-2d.
09:42:27 debug: Resolve cce:/internal/x/cc-fu/physics-framework from cce:/internal/x/cc as external dependency cce:/internal/x/cc-fu/physics-framework.
09:42:27 debug: Resolve cce:/internal/x/cc-fu/physics-2d-framework from cce:/internal/x/cc as external dependency cce:/internal/x/cc-fu/physics-2d-framework.
09:42:27 debug: Resolve cce:/internal/x/cc-fu/physics-2d-box2d-wasm from cce:/internal/x/cc as external dependency cce:/internal/x/cc-fu/physics-2d-box2d-wasm.
09:42:27 debug: Resolve cce:/internal/x/cc-fu/intersection-2d from cce:/internal/x/cc as external dependency cce:/internal/x/cc-fu/intersection-2d.
09:42:27 debug: Resolve cce:/internal/x/cc-fu/primitive from cce:/internal/x/cc as external dependency cce:/internal/x/cc-fu/primitive.
09:42:27 debug: Resolve cce:/internal/x/cc-fu/profiler from cce:/internal/x/cc as external dependency cce:/internal/x/cc-fu/profiler.
09:42:27 debug: Resolve cce:/internal/x/cc-fu/geometry-renderer from cce:/internal/x/cc as external dependency cce:/internal/x/cc-fu/geometry-renderer.
09:42:27 debug: Resolve cce:/internal/x/cc-fu/audio from cce:/internal/x/cc as external dependency cce:/internal/x/cc-fu/audio.
09:42:27 debug: Resolve cce:/internal/x/cc-fu/video from cce:/internal/x/cc as external dependency cce:/internal/x/cc-fu/video.
09:42:27 debug: Resolve cce:/internal/x/cc-fu/xr from cce:/internal/x/cc as external dependency cce:/internal/x/cc-fu/xr.
09:42:27 debug: Resolve cce:/internal/x/cc-fu/light-probe from cce:/internal/x/cc as external dependency cce:/internal/x/cc-fu/light-probe.
09:42:27 debug: Resolve cce:/internal/x/cc-fu/terrain from cce:/internal/x/cc as external dependency cce:/internal/x/cc-fu/terrain.
09:42:27 debug: Resolve cce:/internal/x/cc-fu/webview from cce:/internal/x/cc as external dependency cce:/internal/x/cc-fu/webview.
09:42:27 debug: Resolve cce:/internal/x/cc-fu/tween from cce:/internal/x/cc as external dependency cce:/internal/x/cc-fu/tween.
09:42:27 debug: Resolve cce:/internal/x/cc-fu/tiled-map from cce:/internal/x/cc as external dependency cce:/internal/x/cc-fu/tiled-map.
09:42:27 debug: Resolve cce:/internal/x/cc-fu/spine from cce:/internal/x/cc as external dependency cce:/internal/x/cc-fu/spine.
09:42:27 debug: Resolve cce:/internal/x/cc-fu/dragon-bones from cce:/internal/x/cc as external dependency cce:/internal/x/cc-fu/dragon-bones.
09:42:27 debug: Resolve cce:/internal/x/cc-fu/custom-pipeline from cce:/internal/x/cc as external dependency cce:/internal/x/cc-fu/custom-pipeline.
09:42:27 debug: Detected change: cce:/internal/x/prerequisite-imports. Last mtime: Thu Jan 01 1970 11:29:32 GMT+0800 (Indochina Time), Current mtime: Thu Jan 01 1970 08:00:05 GMT+0800 (Indochina Time)
09:42:27 debug: Inspect cce:/internal/x/prerequisite-imports
09:42:27 debug: Resolve file:///Applications/Cocos/Creator/3.8.2/CocosCreator.app/Contents/Resources/resources/3d/engine/editor/assets/tools/debug-view-runtime-control.ts from cce:/internal/x/prerequisite-imports as file:///Applications/Cocos/Creator/3.8.2/CocosCreator.app/Contents/Resources/resources/3d/engine/editor/assets/tools/debug-view-runtime-control.ts.
09:42:27 debug: Resolve cc from file:///Applications/Cocos/Creator/3.8.2/CocosCreator.app/Contents/Resources/resources/3d/engine/editor/assets/tools/debug-view-runtime-control.ts as cce:/internal/x/cc.
09:42:27 debug: Resolve cc from file:///Applications/Cocos/Creator/3.8.2/CocosCreator.app/Contents/Resources/resources/3d/engine/editor/assets/tools/debug-view-runtime-control.ts as cce:/internal/x/cc.
09:42:27 debug: Resolve cc from file:///Applications/Cocos/Creator/3.8.2/CocosCreator.app/Contents/Resources/resources/3d/engine/editor/assets/tools/debug-view-runtime-control.ts as cce:/internal/x/cc.
09:42:27 debug: Resolve file:///Users/waostudio/Desktop/Fix3/assets/Scripts/AudioController.ts from cce:/internal/x/prerequisite-imports as file:///Users/waostudio/Desktop/Fix3/assets/Scripts/AudioController.ts.
09:42:27 debug: Inspect file:///Users/waostudio/Desktop/Fix3/assets/Scripts/AudioController.ts
09:42:27 debug: Resolve cc from file:///Users/waostudio/Desktop/Fix3/assets/Scripts/AudioController.ts as cce:/internal/x/cc.
09:42:27 debug: Resolve cc from file:///Users/waostudio/Desktop/Fix3/assets/Scripts/AudioController.ts as cce:/internal/x/cc.
09:42:27 debug: Resolve cc from file:///Users/waostudio/Desktop/Fix3/assets/Scripts/AudioController.ts as cce:/internal/x/cc.
09:42:27 debug: Resolve file:///Users/waostudio/Desktop/Fix3/assets/Scripts/Chip.ts from cce:/internal/x/prerequisite-imports as file:///Users/waostudio/Desktop/Fix3/assets/Scripts/Chip.ts.
09:42:27 debug: Inspect file:///Users/waostudio/Desktop/Fix3/assets/Scripts/Chip.ts
09:42:27 debug: Resolve cce:/internal/code-quality/cr.mjs from file:///Users/waostudio/Desktop/Fix3/assets/Scripts/Chip.ts as cce:/internal/code-quality/cr.mjs.
09:42:27 debug: Detected change: cce:/internal/code-quality/cr.mjs. Last mtime: Sun Apr 21 2024 20:27:46 GMT+0700 (Indochina Time), Current mtime: Mon Apr 22 2024 09:42:21 GMT+0700 (Indochina Time)
09:42:27 debug: Inspect cce:/internal/code-quality/cr.mjs
09:42:27 debug: Resolve cc from file:///Users/waostudio/Desktop/Fix3/assets/Scripts/Chip.ts as cce:/internal/x/cc.
09:42:27 debug: Resolve cc from file:///Users/waostudio/Desktop/Fix3/assets/Scripts/Chip.ts as cce:/internal/x/cc.
09:42:27 debug: Resolve cc from file:///Users/waostudio/Desktop/Fix3/assets/Scripts/Chip.ts as cce:/internal/x/cc.
09:42:27 debug: Resolve ./AudioController from file:///Users/waostudio/Desktop/Fix3/assets/Scripts/Chip.ts as file:///Users/waostudio/Desktop/Fix3/assets/Scripts/AudioController.ts.
09:42:27 debug: Resolve file:///Users/waostudio/Desktop/Fix3/assets/Scripts/GameController.ts from cce:/internal/x/prerequisite-imports as file:///Users/waostudio/Desktop/Fix3/assets/Scripts/GameController.ts.
09:42:27 debug: Inspect file:///Users/waostudio/Desktop/Fix3/assets/Scripts/GameController.ts
09:42:27 debug: Resolve cce:/internal/code-quality/cr.mjs from file:///Users/waostudio/Desktop/Fix3/assets/Scripts/GameController.ts as cce:/internal/code-quality/cr.mjs.
09:42:27 debug: Resolve cc from file:///Users/waostudio/Desktop/Fix3/assets/Scripts/GameController.ts as cce:/internal/x/cc.
09:42:27 debug: Resolve cc from file:///Users/waostudio/Desktop/Fix3/assets/Scripts/GameController.ts as cce:/internal/x/cc.
09:42:27 debug: Resolve cc from file:///Users/waostudio/Desktop/Fix3/assets/Scripts/GameController.ts as cce:/internal/x/cc.
09:42:27 debug: Resolve ./Chip from file:///Users/waostudio/Desktop/Fix3/assets/Scripts/GameController.ts as file:///Users/waostudio/Desktop/Fix3/assets/Scripts/Chip.ts.
09:42:27 debug: Resolve ./NetworkConnect from file:///Users/waostudio/Desktop/Fix3/assets/Scripts/GameController.ts as file:///Users/waostudio/Desktop/Fix3/assets/Scripts/NetworkConnect.ts.
09:42:27 debug: Inspect file:///Users/waostudio/Desktop/Fix3/assets/Scripts/NetworkConnect.ts
09:42:27 debug: Resolve cce:/internal/code-quality/cr.mjs from file:///Users/waostudio/Desktop/Fix3/assets/Scripts/NetworkConnect.ts as cce:/internal/code-quality/cr.mjs.
09:42:27 debug: Resolve cc from file:///Users/waostudio/Desktop/Fix3/assets/Scripts/NetworkConnect.ts as cce:/internal/x/cc.
09:42:27 debug: Resolve cc from file:///Users/waostudio/Desktop/Fix3/assets/Scripts/NetworkConnect.ts as cce:/internal/x/cc.
09:42:27 debug: Resolve cc from file:///Users/waostudio/Desktop/Fix3/assets/Scripts/NetworkConnect.ts as cce:/internal/x/cc.
09:42:27 debug: Create cjs interop url for 'file:///Users/waostudio/Desktop/Fix3/extensions/Colyseus%20Multiplayer%20SDK/runtime/colyseus.js'
09:42:27 debug: Resolve db://colyseus-sdk/colyseus.js from file:///Users/waostudio/Desktop/Fix3/assets/Scripts/NetworkConnect.ts as file:///Users/waostudio/Desktop/Fix3/extensions/Colyseus%20Multiplayer%20SDK/runtime/colyseus.mjs?cjs=&original=.js.
09:42:27 debug: Inspect file:///Users/waostudio/Desktop/Fix3/extensions/Colyseus%20Multiplayer%20SDK/runtime/colyseus.mjs?cjs=&original=.js
09:42:27 debug: Resolve cce:/internal/code-quality/cr.mjs from file:///Users/waostudio/Desktop/Fix3/extensions/Colyseus%20Multiplayer%20SDK/runtime/colyseus.mjs?cjs=&original=.js as cce:/internal/code-quality/cr.mjs.
09:42:27 debug: Resolve ./colyseus.js from file:///Users/waostudio/Desktop/Fix3/extensions/Colyseus%20Multiplayer%20SDK/runtime/colyseus.mjs?cjs=&original=.js as file:///Users/waostudio/Desktop/Fix3/extensions/Colyseus%20Multiplayer%20SDK/runtime/colyseus.js.
09:42:27 debug: Inspect file:///Users/waostudio/Desktop/Fix3/extensions/Colyseus%20Multiplayer%20SDK/runtime/colyseus.js
09:42:28 debug: Resolve cce:/internal/ml/cjs-loader.mjs from file:///Users/waostudio/Desktop/Fix3/extensions/Colyseus%20Multiplayer%20SDK/runtime/colyseus.js as cce:/internal/ml/cjs-loader.mjs.
09:42:28 debug: Detected change: cce:/internal/ml/cjs-loader.mjs. Last mtime: Sun Apr 21 2024 20:27:46 GMT+0700 (Indochina Time), Current mtime: Mon Apr 22 2024 09:42:21 GMT+0700 (Indochina Time)
09:42:28 debug: Inspect cce:/internal/ml/cjs-loader.mjs
09:42:28 debug: Resolve cce:/internal/ml/cjs-loader.mjs from file:///Users/waostudio/Desktop/Fix3/extensions/Colyseus%20Multiplayer%20SDK/runtime/colyseus.mjs?cjs=&original=.js as cce:/internal/ml/cjs-loader.mjs.
09:42:28 debug: Resolve ./colyseus.js from file:///Users/waostudio/Desktop/Fix3/extensions/Colyseus%20Multiplayer%20SDK/runtime/colyseus.mjs?cjs=&original=.js as file:///Users/waostudio/Desktop/Fix3/extensions/Colyseus%20Multiplayer%20SDK/runtime/colyseus.js.
09:42:28 debug: Resolve ./colyseus.js from file:///Users/waostudio/Desktop/Fix3/extensions/Colyseus%20Multiplayer%20SDK/runtime/colyseus.mjs?cjs=&original=.js as file:///Users/waostudio/Desktop/Fix3/extensions/Colyseus%20Multiplayer%20SDK/runtime/colyseus.js.
09:42:28 debug: Resolve ./AudioController from file:///Users/waostudio/Desktop/Fix3/assets/Scripts/NetworkConnect.ts as file:///Users/waostudio/Desktop/Fix3/assets/Scripts/AudioController.ts.
09:42:28 debug: Resolve ./Chip from file:///Users/waostudio/Desktop/Fix3/assets/Scripts/NetworkConnect.ts as file:///Users/waostudio/Desktop/Fix3/assets/Scripts/Chip.ts.
09:42:28 debug: Resolve ./AudioController from file:///Users/waostudio/Desktop/Fix3/assets/Scripts/GameController.ts as file:///Users/waostudio/Desktop/Fix3/assets/Scripts/AudioController.ts.
09:42:28 debug: Resolve file:///Users/waostudio/Desktop/Fix3/assets/Scripts/NetworkConnect.ts from cce:/internal/x/prerequisite-imports as file:///Users/waostudio/Desktop/Fix3/assets/Scripts/NetworkConnect.ts.
09:42:28 debug: Resolve file:///Users/waostudio/Desktop/Fix3/assets/Scripts/PlayerList.ts from cce:/internal/x/prerequisite-imports as file:///Users/waostudio/Desktop/Fix3/assets/Scripts/PlayerList.ts.
09:42:28 debug: Inspect file:///Users/waostudio/Desktop/Fix3/assets/Scripts/PlayerList.ts
09:42:28 debug: Resolve cc from file:///Users/waostudio/Desktop/Fix3/assets/Scripts/PlayerList.ts as cce:/internal/x/cc.
09:42:28 debug: Resolve cc from file:///Users/waostudio/Desktop/Fix3/assets/Scripts/PlayerList.ts as cce:/internal/x/cc.
09:42:28 debug: Resolve cc from file:///Users/waostudio/Desktop/Fix3/assets/Scripts/PlayerList.ts as cce:/internal/x/cc.
09:42:28 debug: Target(editor) ends with cost 995.9539999961853ms.
09:42:28 debug: Target(preview) build started.
09:42:28 debug: Detected change: cce:/internal/x/cc. Last mtime: Thu Jan 01 1970 08:00:30 GMT+0800 (Indochina Time), Current mtime: Thu Jan 01 1970 08:00:05 GMT+0800 (Indochina Time)
09:42:28 debug: Inspect cce:/internal/x/cc
09:42:28 debug: Resolve cce:/internal/x/cc-fu/2d from cce:/internal/x/cc as external dependency cce:/internal/x/cc-fu/2d.
09:42:28 debug: Resolve cce:/internal/x/cc-fu/sorting from cce:/internal/x/cc as external dependency cce:/internal/x/cc-fu/sorting.
09:42:28 debug: Resolve cce:/internal/x/cc-fu/animation from cce:/internal/x/cc as external dependency cce:/internal/x/cc-fu/animation.
09:42:28 debug: Resolve cce:/internal/x/cc-fu/audio from cce:/internal/x/cc as external dependency cce:/internal/x/cc-fu/audio.
09:42:28 debug: Resolve cce:/internal/x/cc-fu/base from cce:/internal/x/cc as external dependency cce:/internal/x/cc-fu/base.
09:42:28 debug: Resolve cce:/internal/x/cc-fu/dragon-bones from cce:/internal/x/cc as external dependency cce:/internal/x/cc-fu/dragon-bones.
09:42:28 debug: Resolve cce:/internal/x/cc-fu/gfx-webgl from cce:/internal/x/cc as external dependency cce:/internal/x/cc-fu/gfx-webgl.
09:42:28 debug: Resolve cce:/internal/x/cc-fu/gfx-webgl2 from cce:/internal/x/cc as external dependency cce:/internal/x/cc-fu/gfx-webgl2.
09:42:28 debug: Resolve cce:/internal/x/cc-fu/intersection-2d from cce:/internal/x/cc as external dependency cce:/internal/x/cc-fu/intersection-2d.
09:42:28 debug: Resolve cce:/internal/x/cc-fu/particle-2d from cce:/internal/x/cc as external dependency cce:/internal/x/cc-fu/particle-2d.
09:42:28 debug: Resolve cce:/internal/x/cc-fu/physics-2d-box2d from cce:/internal/x/cc as external dependency cce:/internal/x/cc-fu/physics-2d-box2d.
09:42:28 debug: Resolve cce:/internal/x/cc-fu/physics-2d-framework from cce:/internal/x/cc as external dependency cce:/internal/x/cc-fu/physics-2d-framework.
09:42:28 debug: Resolve cce:/internal/x/cc-fu/profiler from cce:/internal/x/cc as external dependency cce:/internal/x/cc-fu/profiler.
09:42:28 debug: Resolve cce:/internal/x/cc-fu/spine from cce:/internal/x/cc as external dependency cce:/internal/x/cc-fu/spine.
09:42:28 debug: Resolve cce:/internal/x/cc-fu/tiled-map from cce:/internal/x/cc as external dependency cce:/internal/x/cc-fu/tiled-map.
09:42:28 debug: Resolve cce:/internal/x/cc-fu/tween from cce:/internal/x/cc as external dependency cce:/internal/x/cc-fu/tween.
09:42:28 debug: Resolve cce:/internal/x/cc-fu/ui from cce:/internal/x/cc as external dependency cce:/internal/x/cc-fu/ui.
09:42:28 debug: Resolve cce:/internal/x/cc-fu/video from cce:/internal/x/cc as external dependency cce:/internal/x/cc-fu/video.
09:42:28 debug: Resolve cce:/internal/x/cc-fu/webview from cce:/internal/x/cc as external dependency cce:/internal/x/cc-fu/webview.
09:42:28 debug: Detected change: cce:/internal/x/prerequisite-imports. Last mtime: Thu Jan 01 1970 11:29:33 GMT+0800 (Indochina Time), Current mtime: Thu Jan 01 1970 08:00:06 GMT+0800 (Indochina Time)
09:42:28 debug: Inspect cce:/internal/x/prerequisite-imports
09:42:28 debug: Resolve file:///Applications/Cocos/Creator/3.8.2/CocosCreator.app/Contents/Resources/resources/3d/engine/editor/assets/tools/debug-view-runtime-control.ts from cce:/internal/x/prerequisite-imports as file:///Applications/Cocos/Creator/3.8.2/CocosCreator.app/Contents/Resources/resources/3d/engine/editor/assets/tools/debug-view-runtime-control.ts.
09:42:28 debug: Resolve cc from file:///Applications/Cocos/Creator/3.8.2/CocosCreator.app/Contents/Resources/resources/3d/engine/editor/assets/tools/debug-view-runtime-control.ts as cce:/internal/x/cc.
09:42:28 debug: Resolve cc from file:///Applications/Cocos/Creator/3.8.2/CocosCreator.app/Contents/Resources/resources/3d/engine/editor/assets/tools/debug-view-runtime-control.ts as cce:/internal/x/cc.
09:42:28 debug: Resolve cc from file:///Applications/Cocos/Creator/3.8.2/CocosCreator.app/Contents/Resources/resources/3d/engine/editor/assets/tools/debug-view-runtime-control.ts as cce:/internal/x/cc.
09:42:28 debug: Resolve file:///Users/waostudio/Desktop/Fix3/assets/Scripts/AudioController.ts from cce:/internal/x/prerequisite-imports as file:///Users/waostudio/Desktop/Fix3/assets/Scripts/AudioController.ts.
09:42:28 debug: Inspect file:///Users/waostudio/Desktop/Fix3/assets/Scripts/AudioController.ts
09:42:28 debug: Resolve cc from file:///Users/waostudio/Desktop/Fix3/assets/Scripts/AudioController.ts as cce:/internal/x/cc.
09:42:28 debug: Resolve cc from file:///Users/waostudio/Desktop/Fix3/assets/Scripts/AudioController.ts as cce:/internal/x/cc.
09:42:28 debug: Resolve cc from file:///Users/waostudio/Desktop/Fix3/assets/Scripts/AudioController.ts as cce:/internal/x/cc.
09:42:28 debug: Resolve file:///Users/waostudio/Desktop/Fix3/assets/Scripts/Chip.ts from cce:/internal/x/prerequisite-imports as file:///Users/waostudio/Desktop/Fix3/assets/Scripts/Chip.ts.
09:42:28 debug: Inspect file:///Users/waostudio/Desktop/Fix3/assets/Scripts/Chip.ts
09:42:28 debug: Resolve cce:/internal/code-quality/cr.mjs from file:///Users/waostudio/Desktop/Fix3/assets/Scripts/Chip.ts as cce:/internal/code-quality/cr.mjs.
09:42:28 debug: Detected change: cce:/internal/code-quality/cr.mjs. Last mtime: Sun Apr 21 2024 20:27:46 GMT+0700 (Indochina Time), Current mtime: Mon Apr 22 2024 09:42:21 GMT+0700 (Indochina Time)
09:42:28 debug: Inspect cce:/internal/code-quality/cr.mjs
09:42:28 debug: Resolve cc from file:///Users/waostudio/Desktop/Fix3/assets/Scripts/Chip.ts as cce:/internal/x/cc.
09:42:28 debug: Resolve cc from file:///Users/waostudio/Desktop/Fix3/assets/Scripts/Chip.ts as cce:/internal/x/cc.
09:42:28 debug: Resolve cc from file:///Users/waostudio/Desktop/Fix3/assets/Scripts/Chip.ts as cce:/internal/x/cc.
09:42:28 debug: Resolve ./AudioController from file:///Users/waostudio/Desktop/Fix3/assets/Scripts/Chip.ts as file:///Users/waostudio/Desktop/Fix3/assets/Scripts/AudioController.ts.
09:42:28 debug: Resolve file:///Users/waostudio/Desktop/Fix3/assets/Scripts/GameController.ts from cce:/internal/x/prerequisite-imports as file:///Users/waostudio/Desktop/Fix3/assets/Scripts/GameController.ts.
09:42:28 debug: Inspect file:///Users/waostudio/Desktop/Fix3/assets/Scripts/GameController.ts
09:42:28 debug: Resolve cce:/internal/code-quality/cr.mjs from file:///Users/waostudio/Desktop/Fix3/assets/Scripts/GameController.ts as cce:/internal/code-quality/cr.mjs.
09:42:28 debug: Resolve cc from file:///Users/waostudio/Desktop/Fix3/assets/Scripts/GameController.ts as cce:/internal/x/cc.
09:42:28 debug: Resolve cc from file:///Users/waostudio/Desktop/Fix3/assets/Scripts/GameController.ts as cce:/internal/x/cc.
09:42:28 debug: Resolve cc from file:///Users/waostudio/Desktop/Fix3/assets/Scripts/GameController.ts as cce:/internal/x/cc.
09:42:28 debug: Resolve ./Chip from file:///Users/waostudio/Desktop/Fix3/assets/Scripts/GameController.ts as file:///Users/waostudio/Desktop/Fix3/assets/Scripts/Chip.ts.
09:42:28 debug: Resolve ./NetworkConnect from file:///Users/waostudio/Desktop/Fix3/assets/Scripts/GameController.ts as file:///Users/waostudio/Desktop/Fix3/assets/Scripts/NetworkConnect.ts.
09:42:28 debug: Inspect file:///Users/waostudio/Desktop/Fix3/assets/Scripts/NetworkConnect.ts
09:42:28 debug: Resolve cce:/internal/code-quality/cr.mjs from file:///Users/waostudio/Desktop/Fix3/assets/Scripts/NetworkConnect.ts as cce:/internal/code-quality/cr.mjs.
09:42:28 debug: Resolve cc from file:///Users/waostudio/Desktop/Fix3/assets/Scripts/NetworkConnect.ts as cce:/internal/x/cc.
09:42:28 debug: Resolve cc from file:///Users/waostudio/Desktop/Fix3/assets/Scripts/NetworkConnect.ts as cce:/internal/x/cc.
09:42:28 debug: Resolve cc from file:///Users/waostudio/Desktop/Fix3/assets/Scripts/NetworkConnect.ts as cce:/internal/x/cc.
09:42:28 debug: Create cjs interop url for 'file:///Users/waostudio/Desktop/Fix3/extensions/Colyseus%20Multiplayer%20SDK/runtime/colyseus.js'
09:42:28 debug: Resolve db://colyseus-sdk/colyseus.js from file:///Users/waostudio/Desktop/Fix3/assets/Scripts/NetworkConnect.ts as file:///Users/waostudio/Desktop/Fix3/extensions/Colyseus%20Multiplayer%20SDK/runtime/colyseus.mjs?cjs=&original=.js.
09:42:28 debug: Inspect file:///Users/waostudio/Desktop/Fix3/extensions/Colyseus%20Multiplayer%20SDK/runtime/colyseus.mjs?cjs=&original=.js
09:42:28 debug: Resolve cce:/internal/code-quality/cr.mjs from file:///Users/waostudio/Desktop/Fix3/extensions/Colyseus%20Multiplayer%20SDK/runtime/colyseus.mjs?cjs=&original=.js as cce:/internal/code-quality/cr.mjs.
09:42:28 debug: Resolve ./colyseus.js from file:///Users/waostudio/Desktop/Fix3/extensions/Colyseus%20Multiplayer%20SDK/runtime/colyseus.mjs?cjs=&original=.js as file:///Users/waostudio/Desktop/Fix3/extensions/Colyseus%20Multiplayer%20SDK/runtime/colyseus.js.
09:42:28 debug: Inspect file:///Users/waostudio/Desktop/Fix3/extensions/Colyseus%20Multiplayer%20SDK/runtime/colyseus.js
09:42:29 debug: Resolve cce:/internal/ml/cjs-loader.mjs from file:///Users/waostudio/Desktop/Fix3/extensions/Colyseus%20Multiplayer%20SDK/runtime/colyseus.js as cce:/internal/ml/cjs-loader.mjs.
09:42:29 debug: Detected change: cce:/internal/ml/cjs-loader.mjs. Last mtime: Sun Apr 21 2024 20:27:46 GMT+0700 (Indochina Time), Current mtime: Mon Apr 22 2024 09:42:21 GMT+0700 (Indochina Time)
09:42:29 debug: Inspect cce:/internal/ml/cjs-loader.mjs
09:42:29 debug: Resolve cce:/internal/ml/cjs-loader.mjs from file:///Users/waostudio/Desktop/Fix3/extensions/Colyseus%20Multiplayer%20SDK/runtime/colyseus.mjs?cjs=&original=.js as cce:/internal/ml/cjs-loader.mjs.
09:42:29 debug: Resolve ./colyseus.js from file:///Users/waostudio/Desktop/Fix3/extensions/Colyseus%20Multiplayer%20SDK/runtime/colyseus.mjs?cjs=&original=.js as file:///Users/waostudio/Desktop/Fix3/extensions/Colyseus%20Multiplayer%20SDK/runtime/colyseus.js.
09:42:29 debug: Resolve ./colyseus.js from file:///Users/waostudio/Desktop/Fix3/extensions/Colyseus%20Multiplayer%20SDK/runtime/colyseus.mjs?cjs=&original=.js as file:///Users/waostudio/Desktop/Fix3/extensions/Colyseus%20Multiplayer%20SDK/runtime/colyseus.js.
09:42:29 debug: Resolve ./AudioController from file:///Users/waostudio/Desktop/Fix3/assets/Scripts/NetworkConnect.ts as file:///Users/waostudio/Desktop/Fix3/assets/Scripts/AudioController.ts.
09:42:29 debug: Resolve ./Chip from file:///Users/waostudio/Desktop/Fix3/assets/Scripts/NetworkConnect.ts as file:///Users/waostudio/Desktop/Fix3/assets/Scripts/Chip.ts.
09:42:29 debug: Resolve ./AudioController from file:///Users/waostudio/Desktop/Fix3/assets/Scripts/GameController.ts as file:///Users/waostudio/Desktop/Fix3/assets/Scripts/AudioController.ts.
09:42:29 debug: Resolve file:///Users/waostudio/Desktop/Fix3/assets/Scripts/NetworkConnect.ts from cce:/internal/x/prerequisite-imports as file:///Users/waostudio/Desktop/Fix3/assets/Scripts/NetworkConnect.ts.
09:42:29 debug: Resolve file:///Users/waostudio/Desktop/Fix3/assets/Scripts/PlayerList.ts from cce:/internal/x/prerequisite-imports as file:///Users/waostudio/Desktop/Fix3/assets/Scripts/PlayerList.ts.
09:42:29 debug: Inspect file:///Users/waostudio/Desktop/Fix3/assets/Scripts/PlayerList.ts
09:42:29 debug: Resolve cc from file:///Users/waostudio/Desktop/Fix3/assets/Scripts/PlayerList.ts as cce:/internal/x/cc.
09:42:29 debug: Resolve cc from file:///Users/waostudio/Desktop/Fix3/assets/Scripts/PlayerList.ts as cce:/internal/x/cc.
09:42:29 debug: Resolve cc from file:///Users/waostudio/Desktop/Fix3/assets/Scripts/PlayerList.ts as cce:/internal/x/cc.
09:42:29 debug: Target(preview) ends with cost 743.8113329410553ms.
09:42:31 debug: Pulling asset-db.
09:42:31 debug: Fetch asset-db cost: 919.11037504673ms.
09:42:31 debug: Build iteration starts.
Number of accumulated asset changes: 8
Feature changed: false
09:42:31 debug: Target(editor) build started.
09:42:31 debug: Detected change: cce:/internal/x/prerequisite-imports. Last mtime: Thu Jan 01 1970 08:00:05 GMT+0800 (Indochina Time), Current mtime: Thu Jan 01 1970 08:00:10 GMT+0800 (Indochina Time)
09:42:31 debug: Inspect cce:/internal/x/prerequisite-imports
09:42:31 debug: Resolve file:///Applications/Cocos/Creator/3.8.2/CocosCreator.app/Contents/Resources/resources/3d/engine/editor/assets/tools/debug-view-runtime-control.ts from cce:/internal/x/prerequisite-imports as file:///Applications/Cocos/Creator/3.8.2/CocosCreator.app/Contents/Resources/resources/3d/engine/editor/assets/tools/debug-view-runtime-control.ts.
09:42:31 debug: Resolve file:///Users/waostudio/Desktop/Fix3/assets/Scripts/AudioController.ts from cce:/internal/x/prerequisite-imports as file:///Users/waostudio/Desktop/Fix3/assets/Scripts/AudioController.ts.
09:42:31 debug: Resolve file:///Users/waostudio/Desktop/Fix3/assets/Scripts/Chip.ts from cce:/internal/x/prerequisite-imports as file:///Users/waostudio/Desktop/Fix3/assets/Scripts/Chip.ts.
09:42:31 debug: Resolve file:///Users/waostudio/Desktop/Fix3/assets/Scripts/GameController.ts from cce:/internal/x/prerequisite-imports as file:///Users/waostudio/Desktop/Fix3/assets/Scripts/GameController.ts.
09:42:31 debug: Detected change: file:///Users/waostudio/Desktop/Fix3/extensions/Colyseus%20Multiplayer%20SDK/runtime/colyseus.js. Last mtime: Mon Apr 22 2024 09:39:43 GMT+0700 (Indochina Time), Current mtime: Mon Apr 22 2024 09:39:43 GMT+0700 (Indochina Time)@b554cfc3-98f3-4c04-ac8b-fd4ca2621ffb
09:42:31 debug: Inspect file:///Users/waostudio/Desktop/Fix3/extensions/Colyseus%20Multiplayer%20SDK/runtime/colyseus.js
09:42:32 debug: Resolve cce:/internal/ml/cjs-loader.mjs from file:///Users/waostudio/Desktop/Fix3/extensions/Colyseus%20Multiplayer%20SDK/runtime/colyseus.js as cce:/internal/ml/cjs-loader.mjs.
09:42:32 debug: Resolve file:///Users/waostudio/Desktop/Fix3/assets/Scripts/NetworkConnect.ts from cce:/internal/x/prerequisite-imports as file:///Users/waostudio/Desktop/Fix3/assets/Scripts/NetworkConnect.ts.
09:42:32 debug: Resolve file:///Users/waostudio/Desktop/Fix3/assets/Scripts/PlayerList.ts from cce:/internal/x/prerequisite-imports as file:///Users/waostudio/Desktop/Fix3/assets/Scripts/PlayerList.ts.
09:42:32 debug: Create cjs interop url for 'file:///Users/waostudio/Desktop/Fix3/extensions/Colyseus%20Multiplayer%20SDK/runtime/colyseus.js'
09:42:32 debug: Resolve file:///Users/waostudio/Desktop/Fix3/extensions/Colyseus%20Multiplayer%20SDK/runtime/colyseus.js from cce:/internal/x/prerequisite-imports as file:///Users/waostudio/Desktop/Fix3/extensions/Colyseus%20Multiplayer%20SDK/runtime/colyseus.mjs?cjs=&original=.js.
09:42:32 debug: Create cjs interop url for 'file:///Users/waostudio/Desktop/Fix3/extensions/Colyseus%20Multiplayer%20SDK/runtime/colyseus.js'
09:42:32 debug: Target(editor) ends with cost 512.651792049408ms.
09:42:32 debug: Target(preview) build started.
09:42:32 debug: Detected change: cce:/internal/x/prerequisite-imports. Last mtime: Thu Jan 01 1970 08:00:06 GMT+0800 (Indochina Time), Current mtime: Thu Jan 01 1970 08:00:10 GMT+0800 (Indochina Time)
09:42:32 debug: Inspect cce:/internal/x/prerequisite-imports
09:42:32 debug: Resolve file:///Applications/Cocos/Creator/3.8.2/CocosCreator.app/Contents/Resources/resources/3d/engine/editor/assets/tools/debug-view-runtime-control.ts from cce:/internal/x/prerequisite-imports as file:///Applications/Cocos/Creator/3.8.2/CocosCreator.app/Contents/Resources/resources/3d/engine/editor/assets/tools/debug-view-runtime-control.ts.
09:42:32 debug: Resolve file:///Users/waostudio/Desktop/Fix3/assets/Scripts/AudioController.ts from cce:/internal/x/prerequisite-imports as file:///Users/waostudio/Desktop/Fix3/assets/Scripts/AudioController.ts.
09:42:32 debug: Resolve file:///Users/waostudio/Desktop/Fix3/assets/Scripts/Chip.ts from cce:/internal/x/prerequisite-imports as file:///Users/waostudio/Desktop/Fix3/assets/Scripts/Chip.ts.
09:42:32 debug: Resolve file:///Users/waostudio/Desktop/Fix3/assets/Scripts/GameController.ts from cce:/internal/x/prerequisite-imports as file:///Users/waostudio/Desktop/Fix3/assets/Scripts/GameController.ts.
09:42:32 debug: Detected change: file:///Users/waostudio/Desktop/Fix3/extensions/Colyseus%20Multiplayer%20SDK/runtime/colyseus.js. Last mtime: Mon Apr 22 2024 09:39:43 GMT+0700 (Indochina Time), Current mtime: Mon Apr 22 2024 09:39:43 GMT+0700 (Indochina Time)@b554cfc3-98f3-4c04-ac8b-fd4ca2621ffb
09:42:32 debug: Inspect file:///Users/waostudio/Desktop/Fix3/extensions/Colyseus%20Multiplayer%20SDK/runtime/colyseus.js
09:42:33 debug: Resolve cce:/internal/ml/cjs-loader.mjs from file:///Users/waostudio/Desktop/Fix3/extensions/Colyseus%20Multiplayer%20SDK/runtime/colyseus.js as cce:/internal/ml/cjs-loader.mjs.
09:42:33 debug: Resolve file:///Users/waostudio/Desktop/Fix3/assets/Scripts/NetworkConnect.ts from cce:/internal/x/prerequisite-imports as file:///Users/waostudio/Desktop/Fix3/assets/Scripts/NetworkConnect.ts.
09:42:33 debug: Resolve file:///Users/waostudio/Desktop/Fix3/assets/Scripts/PlayerList.ts from cce:/internal/x/prerequisite-imports as file:///Users/waostudio/Desktop/Fix3/assets/Scripts/PlayerList.ts.
09:42:33 debug: Create cjs interop url for 'file:///Users/waostudio/Desktop/Fix3/extensions/Colyseus%20Multiplayer%20SDK/runtime/colyseus.js'
09:42:33 debug: Resolve file:///Users/waostudio/Desktop/Fix3/extensions/Colyseus%20Multiplayer%20SDK/runtime/colyseus.js from cce:/internal/x/prerequisite-imports as file:///Users/waostudio/Desktop/Fix3/extensions/Colyseus%20Multiplayer%20SDK/runtime/colyseus.mjs?cjs=&original=.js.
09:42:33 debug: Create cjs interop url for 'file:///Users/waostudio/Desktop/Fix3/extensions/Colyseus%20Multiplayer%20SDK/runtime/colyseus.js'
09:42:33 debug: Target(preview) ends with cost 755.6788330078125ms.
13:57:45 debug: Dispatch build request for time accumulated 1 asset changes.
13:57:45 debug: Build iteration starts.
Number of accumulated asset changes: 1
Feature changed: false
13:57:45 debug: Target(editor) build started.
13:57:45 debug: Detected change: cce:/internal/x/prerequisite-imports. Last mtime: Thu Jan 01 1970 08:00:10 GMT+0800 (Indochina Time), Current mtime: Thu Jan 01 1970 12:15:23 GMT+0800 (Indochina Time)
13:57:45 debug: Inspect cce:/internal/x/prerequisite-imports
13:57:45 debug: Resolve file:///Applications/Cocos/Creator/3.8.2/CocosCreator.app/Contents/Resources/resources/3d/engine/editor/assets/tools/debug-view-runtime-control.ts from cce:/internal/x/prerequisite-imports as file:///Applications/Cocos/Creator/3.8.2/CocosCreator.app/Contents/Resources/resources/3d/engine/editor/assets/tools/debug-view-runtime-control.ts.
13:57:45 debug: Resolve file:///Users/waostudio/Desktop/Fix3/assets/Scripts/AudioController.ts from cce:/internal/x/prerequisite-imports as file:///Users/waostudio/Desktop/Fix3/assets/Scripts/AudioController.ts.
13:57:45 debug: Resolve file:///Users/waostudio/Desktop/Fix3/assets/Scripts/Chip.ts from cce:/internal/x/prerequisite-imports as file:///Users/waostudio/Desktop/Fix3/assets/Scripts/Chip.ts.
13:57:45 debug: Resolve file:///Users/waostudio/Desktop/Fix3/assets/Scripts/GameController.ts from cce:/internal/x/prerequisite-imports as file:///Users/waostudio/Desktop/Fix3/assets/Scripts/GameController.ts.
13:57:45 debug: Detected change: file:///Users/waostudio/Desktop/Fix3/assets/Scripts/GameController.ts. Last mtime: Mon Apr 22 2024 09:39:43 GMT+0700 (Indochina Time)@d8ab5610-dd96-4f78-9795-6218739fe6f3, Current mtime: Mon Apr 22 2024 13:57:43 GMT+0700 (Indochina Time)@d8ab5610-dd96-4f78-9795-6218739fe6f3
13:57:45 debug: Inspect file:///Users/waostudio/Desktop/Fix3/assets/Scripts/GameController.ts
13:57:45 debug: Resolve cce:/internal/code-quality/cr.mjs from file:///Users/waostudio/Desktop/Fix3/assets/Scripts/GameController.ts as cce:/internal/code-quality/cr.mjs.
13:57:45 debug: Resolve cc from file:///Users/waostudio/Desktop/Fix3/assets/Scripts/GameController.ts as cce:/internal/x/cc.
13:57:45 debug: Resolve cc from file:///Users/waostudio/Desktop/Fix3/assets/Scripts/GameController.ts as cce:/internal/x/cc.
13:57:45 debug: Resolve cc from file:///Users/waostudio/Desktop/Fix3/assets/Scripts/GameController.ts as cce:/internal/x/cc.
13:57:45 debug: Resolve ./Chip from file:///Users/waostudio/Desktop/Fix3/assets/Scripts/GameController.ts as file:///Users/waostudio/Desktop/Fix3/assets/Scripts/Chip.ts.
13:57:45 debug: Resolve ./NetworkConnect from file:///Users/waostudio/Desktop/Fix3/assets/Scripts/GameController.ts as file:///Users/waostudio/Desktop/Fix3/assets/Scripts/NetworkConnect.ts.
13:57:45 debug: Resolve ./AudioController from file:///Users/waostudio/Desktop/Fix3/assets/Scripts/GameController.ts as file:///Users/waostudio/Desktop/Fix3/assets/Scripts/AudioController.ts.
13:57:45 debug: Resolve file:///Users/waostudio/Desktop/Fix3/assets/Scripts/NetworkConnect.ts from cce:/internal/x/prerequisite-imports as file:///Users/waostudio/Desktop/Fix3/assets/Scripts/NetworkConnect.ts.
13:57:45 debug: Resolve file:///Users/waostudio/Desktop/Fix3/assets/Scripts/PlayerList.ts from cce:/internal/x/prerequisite-imports as file:///Users/waostudio/Desktop/Fix3/assets/Scripts/PlayerList.ts.
13:57:45 debug: Create cjs interop url for 'file:///Users/waostudio/Desktop/Fix3/extensions/Colyseus%20Multiplayer%20SDK/runtime/colyseus.js'
13:57:45 debug: Resolve file:///Users/waostudio/Desktop/Fix3/extensions/Colyseus%20Multiplayer%20SDK/runtime/colyseus.js from cce:/internal/x/prerequisite-imports as file:///Users/waostudio/Desktop/Fix3/extensions/Colyseus%20Multiplayer%20SDK/runtime/colyseus.mjs?cjs=&original=.js.
13:57:45 debug: Create cjs interop url for 'file:///Users/waostudio/Desktop/Fix3/extensions/Colyseus%20Multiplayer%20SDK/runtime/colyseus.js'
13:57:45 debug: Target(editor) ends with cost 460.8924580812454ms.
13:57:45 debug: Target(preview) build started.
13:57:45 debug: Detected change: cce:/internal/x/prerequisite-imports. Last mtime: Thu Jan 01 1970 08:00:10 GMT+0800 (Indochina Time), Current mtime: Thu Jan 01 1970 12:15:24 GMT+0800 (Indochina Time)
13:57:45 debug: Inspect cce:/internal/x/prerequisite-imports
13:57:45 debug: Resolve file:///Applications/Cocos/Creator/3.8.2/CocosCreator.app/Contents/Resources/resources/3d/engine/editor/assets/tools/debug-view-runtime-control.ts from cce:/internal/x/prerequisite-imports as file:///Applications/Cocos/Creator/3.8.2/CocosCreator.app/Contents/Resources/resources/3d/engine/editor/assets/tools/debug-view-runtime-control.ts.
13:57:45 debug: Resolve file:///Users/waostudio/Desktop/Fix3/assets/Scripts/AudioController.ts from cce:/internal/x/prerequisite-imports as file:///Users/waostudio/Desktop/Fix3/assets/Scripts/AudioController.ts.
13:57:45 debug: Resolve file:///Users/waostudio/Desktop/Fix3/assets/Scripts/Chip.ts from cce:/internal/x/prerequisite-imports as file:///Users/waostudio/Desktop/Fix3/assets/Scripts/Chip.ts.
13:57:45 debug: Resolve file:///Users/waostudio/Desktop/Fix3/assets/Scripts/GameController.ts from cce:/internal/x/prerequisite-imports as file:///Users/waostudio/Desktop/Fix3/assets/Scripts/GameController.ts.
13:57:45 debug: Detected change: file:///Users/waostudio/Desktop/Fix3/assets/Scripts/GameController.ts. Last mtime: Mon Apr 22 2024 09:39:43 GMT+0700 (Indochina Time)@d8ab5610-dd96-4f78-9795-6218739fe6f3, Current mtime: Mon Apr 22 2024 13:57:43 GMT+0700 (Indochina Time)@d8ab5610-dd96-4f78-9795-6218739fe6f3
13:57:45 debug: Inspect file:///Users/waostudio/Desktop/Fix3/assets/Scripts/GameController.ts
13:57:46 debug: Resolve cce:/internal/code-quality/cr.mjs from file:///Users/waostudio/Desktop/Fix3/assets/Scripts/GameController.ts as cce:/internal/code-quality/cr.mjs.
13:57:46 debug: Resolve cc from file:///Users/waostudio/Desktop/Fix3/assets/Scripts/GameController.ts as cce:/internal/x/cc.
13:57:46 debug: Resolve cc from file:///Users/waostudio/Desktop/Fix3/assets/Scripts/GameController.ts as cce:/internal/x/cc.
13:57:46 debug: Resolve cc from file:///Users/waostudio/Desktop/Fix3/assets/Scripts/GameController.ts as cce:/internal/x/cc.
13:57:46 debug: Resolve ./Chip from file:///Users/waostudio/Desktop/Fix3/assets/Scripts/GameController.ts as file:///Users/waostudio/Desktop/Fix3/assets/Scripts/Chip.ts.
13:57:46 debug: Resolve ./NetworkConnect from file:///Users/waostudio/Desktop/Fix3/assets/Scripts/GameController.ts as file:///Users/waostudio/Desktop/Fix3/assets/Scripts/NetworkConnect.ts.
13:57:46 debug: Resolve ./AudioController from file:///Users/waostudio/Desktop/Fix3/assets/Scripts/GameController.ts as file:///Users/waostudio/Desktop/Fix3/assets/Scripts/AudioController.ts.
13:57:46 debug: Resolve file:///Users/waostudio/Desktop/Fix3/assets/Scripts/NetworkConnect.ts from cce:/internal/x/prerequisite-imports as file:///Users/waostudio/Desktop/Fix3/assets/Scripts/NetworkConnect.ts.
13:57:46 debug: Resolve file:///Users/waostudio/Desktop/Fix3/assets/Scripts/PlayerList.ts from cce:/internal/x/prerequisite-imports as file:///Users/waostudio/Desktop/Fix3/assets/Scripts/PlayerList.ts.
13:57:46 debug: Create cjs interop url for 'file:///Users/waostudio/Desktop/Fix3/extensions/Colyseus%20Multiplayer%20SDK/runtime/colyseus.js'
13:57:46 debug: Resolve file:///Users/waostudio/Desktop/Fix3/extensions/Colyseus%20Multiplayer%20SDK/runtime/colyseus.js from cce:/internal/x/prerequisite-imports as file:///Users/waostudio/Desktop/Fix3/extensions/Colyseus%20Multiplayer%20SDK/runtime/colyseus.mjs?cjs=&original=.js.
13:57:46 debug: Create cjs interop url for 'file:///Users/waostudio/Desktop/Fix3/extensions/Colyseus%20Multiplayer%20SDK/runtime/colyseus.js'
13:57:46 debug: Target(preview) ends with cost 203.8090000152588ms.
